--------------- Build Started: 05/03/2020 21:47:33 Project: teste_controlador, Configuration: ARM GCC 5.4-2016-q2-update Debug ---------------
The code generation step is up to date.
arm-none-eabi-gcc.exe -mcpu=cortex-m3 -mthumb -I. -IGenerated_Source\PSoC5 -Wa,-alh=.\CortexM3\ARM_GCC_541\Debug/main.lst -g -D DEBUG -D CY_CORE_ID=0 -Wall -ffunction-sections -ffat-lto-objects -Og -c main.c -o .\CortexM3\ARM_GCC_541\Debug\main.o
main.c: In function 'main':
main.c:122:22: warning: unused variable 'goal2' [-Wunused-variable]
     uint8 goal1 = 0, goal2 = 0;
                      ^
main.c:96:10: warning: unused variable 'str_rps3' [-Wunused-variable]
     char str_rps3[10] = {0};
          ^
main.c:95:10: warning: unused variable 'str_rps2' [-Wunused-variable]
     char str_rps2[10] = {0};
          ^
main.c:94:10: warning: unused variable 'str_rps1' [-Wunused-variable]
     char str_rps1[10] = {0};
          ^
arm-none-eabi-ar.exe -rs .\CortexM3\ARM_GCC_541\Debug\teste_controlador.a .\CortexM3\ARM_GCC_541\Debug\BlocoPWM2.o .\CortexM3\ARM_GCC_541\Debug\BlocoPWM2_PM.o .\CortexM3\ARM_GCC_541\Debug\QuadDec2.o .\CortexM3\ARM_GCC_541\Debug\QuadDec2_INT.o .\CortexM3\ARM_GCC_541\Debug\QuadDec2_PM.o .\CortexM3\ARM_GCC_541\Debug\qa2.o .\CortexM3\ARM_GCC_541\Debug\qb2.o .\CortexM3\ARM_GCC_541\Debug\Clock_1.o .\CortexM3\ARM_GCC_541\Debug\pwm2.o .\CortexM3\ARM_GCC_541\Debug\UART.o .\CortexM3\ARM_GCC_541\Debug\UART_PM.o .\CortexM3\ARM_GCC_541\Debug\UART_INT.o .\CortexM3\ARM_GCC_541\Debug\UART_BOOT.o .\CortexM3\ARM_GCC_541\Debug\dir2.o .\CortexM3\ARM_GCC_541\Debug\slp2.o .\CortexM3\ARM_GCC_541\Debug\BlocoPWM1.o .\CortexM3\ARM_GCC_541\Debug\BlocoPWM1_PM.o .\CortexM3\ARM_GCC_541\Debug\QuadDec1.o .\CortexM3\ARM_GCC_541\Debug\QuadDec1_INT.o .\CortexM3\ARM_GCC_541\Debug\QuadDec1_PM.o .\CortexM3\ARM_GCC_541\Debug\qa1.o .\CortexM3\ARM_GCC_541\Debug\qb1.o .\CortexM3\ARM_GCC_541\Debug\pwm1.o .\CortexM3\ARM_GCC_541\Debug\dir1.o .\CortexM3\ARM_GCC_541\Debug\slp1.o .\CortexM3\ARM_GCC_541\Debug\BlocoPWM3.o .\CortexM3\ARM_GCC_541\Debug\BlocoPWM3_PM.o .\CortexM3\ARM_GCC_541\Debug\QuadDec3.o .\CortexM3\ARM_GCC_541\Debug\QuadDec3_INT.o .\CortexM3\ARM_GCC_541\Debug\QuadDec3_PM.o .\CortexM3\ARM_GCC_541\Debug\qa3.o .\CortexM3\ARM_GCC_541\Debug\qb3.o .\CortexM3\ARM_GCC_541\Debug\pwm3.o .\CortexM3\ARM_GCC_541\Debug\dir3.o .\CortexM3\ARM_GCC_541\Debug\slp3.o .\CortexM3\ARM_GCC_541\Debug\TimerMotores.o .\CortexM3\ARM_GCC_541\Debug\TimerMotores_PM.o .\CortexM3\ARM_GCC_541\Debug\isr_timer_motores.o .\CortexM3\ARM_GCC_541\Debug\led.o .\CortexM3\ARM_GCC_541\Debug\timer_clock_1.o .\CortexM3\ARM_GCC_541\Debug\TimerCinematico.o .\CortexM3\ARM_GCC_541\Debug\TimerCinematico_PM.o .\CortexM3\ARM_GCC_541\Debug\isr_timer_cinematico.o .\CortexM3\ARM_GCC_541\Debug\QuadDec2_isr.o .\CortexM3\ARM_GCC_541\Debug\QuadDec2_Cnt16.o .\CortexM3\ARM_GCC_541\Debug\QuadDec2_Cnt16_PM.o .\CortexM3\ARM_GCC_541\Debug\UART_IntClock.o .\CortexM3\ARM_GCC_541\Debug\QuadDec1_isr.o .\CortexM3\ARM_GCC_541\Debug\QuadDec1_Cnt16.o .\CortexM3\ARM_GCC_541\Debug\QuadDec1_Cnt16_PM.o .\CortexM3\ARM_GCC_541\Debug\QuadDec3_isr.o .\CortexM3\ARM_GCC_541\Debug\QuadDec3_Cnt16.o .\CortexM3\ARM_GCC_541\Debug\QuadDec3_Cnt16_PM.o .\CortexM3\ARM_GCC_541\Debug\cy_em_eeprom.o .\CortexM3\ARM_GCC_541\Debug\CyDmac.o .\CortexM3\ARM_GCC_541\Debug\CyFlash.o .\CortexM3\ARM_GCC_541\Debug\CyLib.o .\CortexM3\ARM_GCC_541\Debug\cyPm.o .\CortexM3\ARM_GCC_541\Debug\CySpc.o .\CortexM3\ARM_GCC_541\Debug\cyutils.o .\CortexM3\ARM_GCC_541\Debug\CANRX.o .\CortexM3\ARM_GCC_541\Debug\CANTX.o .\CortexM3\ARM_GCC_541\Debug\CAN.o .\CortexM3\ARM_GCC_541\Debug\CAN_INT.o .\CortexM3\ARM_GCC_541\Debug\CAN_PM.o .\CortexM3\ARM_GCC_541\Debug\CAN_TX_RX_func.o .\CortexM3\ARM_GCC_541\Debug\CyBootAsmGnu.o
arm-none-eabi-ar.exe: creating .\CortexM3\ARM_GCC_541\Debug\teste_controlador.a
arm-none-eabi-gcc.exe -Wl,--start-group -o C:\Users\diego\source\repos\teste_controlador.cydsn\CortexM3\ARM_GCC_541\Debug\teste_controlador.elf .\CortexM3\ARM_GCC_541\Debug\main.o .\CortexM3\ARM_GCC_541\Debug\aux_functions.o .\CortexM3\ARM_GCC_541\Debug\controle_cinematico.o .\CortexM3\ARM_GCC_541\Debug\isr.o .\CortexM3\ARM_GCC_541\Debug\motor.o .\CortexM3\ARM_GCC_541\Debug\fis.o .\CortexM3\ARM_GCC_541\Debug\fuzzy_set.o .\CortexM3\ARM_GCC_541\Debug\linguistic_variable.o .\CortexM3\ARM_GCC_541\Debug\membership_functions.o .\CortexM3\ARM_GCC_541\Debug\cyfitter_cfg.o .\CortexM3\ARM_GCC_541\Debug\cymetadata.o .\CortexM3\ARM_GCC_541\Debug\Cm3Start.o .\CortexM3\ARM_GCC_541\Debug\teste_controlador.a "C:\Program Files (x86)\Cypress\PSoC Creator\4.3\PSoC Creator\psoc\content\cycomponentlibrary\CyComponentLibrary.cylib\CortexM3\ARM_GCC_541\Debug\CyComponentLibrary.a" -mcpu=cortex-m3 -mthumb -l m -L Generated_Source\PSoC5 -Wl,-Map,.\CortexM3\ARM_GCC_541\Debug/teste_controlador.map -T Generated_Source\PSoC5\cm3gcc.ld -specs=nano.specs -Wl,--gc-sections -g -ffunction-sections -Og -ffat-lto-objects -Wl,--end-group
cyelftool.exe -C C:\Users\diego\source\repos\teste_controlador.cydsn\CortexM3\ARM_GCC_541\Debug\teste_controlador.elf --flash_row_size 256 --flash_size 262144 --flash_offset 0x00000000
No ELF section .cychecksum found, creating one
Application checksum calculated and stored in ELF section .cychecksum
Checksum calculated and stored in ELF section .cymeta
cyelftool.exe -S C:\Users\diego\source\repos\teste_controlador.cydsn\CortexM3\ARM_GCC_541\Debug\teste_controlador.elf
Flash used: 21572 of 262144 bytes (8,2%).
SRAM used: 5865 of 65536 bytes (8,9%). Stack: 2048 bytes. Heap: 128 bytes.
--------------- Build Succeeded: 05/03/2020 21:47:34 ---------------
