--------------- Rebuild Started: 04/30/2020 19:32:50 Project: teste_controlador, Configuration: ARM GCC 5.4-2016-q2-update Debug ---------------
Deleting file ".\CortexM3\ARM_GCC_541\Debug\main.o"
Deleting file ".\CortexM3\ARM_GCC_541\Debug\aux_functions.o"
Deleting file ".\CortexM3\ARM_GCC_541\Debug\controle_cinematico.o"
Deleting file ".\CortexM3\ARM_GCC_541\Debug\isr.o"
Deleting file ".\CortexM3\ARM_GCC_541\Debug\motor.o"
Deleting file ".\CortexM3\ARM_GCC_541\Debug\fis.o"
Deleting file ".\CortexM3\ARM_GCC_541\Debug\fuzzy_set.o"
Deleting file ".\CortexM3\ARM_GCC_541\Debug\linguistic_variable.o"
Deleting file ".\CortexM3\ARM_GCC_541\Debug\membership_functions.o"
Deleting file ".\CortexM3\ARM_GCC_541\Debug\cyfitter_cfg.o"
Deleting file ".\CortexM3\ARM_GCC_541\Debug\cymetadata.o"
Deleting file ".\CortexM3\ARM_GCC_541\Debug\BlocoPWM2.o"
Deleting file ".\CortexM3\ARM_GCC_541\Debug\BlocoPWM2_PM.o"
Deleting file ".\CortexM3\ARM_GCC_541\Debug\QuadDec2.o"
Deleting file ".\CortexM3\ARM_GCC_541\Debug\QuadDec2_INT.o"
Deleting file ".\CortexM3\ARM_GCC_541\Debug\QuadDec2_PM.o"
Deleting file ".\CortexM3\ARM_GCC_541\Debug\qa2.o"
Deleting file ".\CortexM3\ARM_GCC_541\Debug\qb2.o"
Deleting file ".\CortexM3\ARM_GCC_541\Debug\Clock_1.o"
Deleting file ".\CortexM3\ARM_GCC_541\Debug\pwm2.o"
Deleting file ".\CortexM3\ARM_GCC_541\Debug\UART.o"
Deleting file ".\CortexM3\ARM_GCC_541\Debug\UART_PM.o"
Deleting file ".\CortexM3\ARM_GCC_541\Debug\UART_INT.o"
Deleting file ".\CortexM3\ARM_GCC_541\Debug\UART_BOOT.o"
Deleting file ".\CortexM3\ARM_GCC_541\Debug\dir2.o"
Deleting file ".\CortexM3\ARM_GCC_541\Debug\slp2.o"
Deleting file ".\CortexM3\ARM_GCC_541\Debug\BlocoPWM1.o"
Deleting file ".\CortexM3\ARM_GCC_541\Debug\BlocoPWM1_PM.o"
Deleting file ".\CortexM3\ARM_GCC_541\Debug\QuadDec1.o"
Deleting file ".\CortexM3\ARM_GCC_541\Debug\QuadDec1_INT.o"
Deleting file ".\CortexM3\ARM_GCC_541\Debug\QuadDec1_PM.o"
Deleting file ".\CortexM3\ARM_GCC_541\Debug\qa1.o"
Deleting file ".\CortexM3\ARM_GCC_541\Debug\qb1.o"
Deleting file ".\CortexM3\ARM_GCC_541\Debug\pwm1.o"
Deleting file ".\CortexM3\ARM_GCC_541\Debug\dir1.o"
Deleting file ".\CortexM3\ARM_GCC_541\Debug\slp1.o"
Deleting file ".\CortexM3\ARM_GCC_541\Debug\BlocoPWM3.o"
Deleting file ".\CortexM3\ARM_GCC_541\Debug\BlocoPWM3_PM.o"
Deleting file ".\CortexM3\ARM_GCC_541\Debug\QuadDec3.o"
Deleting file ".\CortexM3\ARM_GCC_541\Debug\QuadDec3_INT.o"
Deleting file ".\CortexM3\ARM_GCC_541\Debug\QuadDec3_PM.o"
Deleting file ".\CortexM3\ARM_GCC_541\Debug\qa3.o"
Deleting file ".\CortexM3\ARM_GCC_541\Debug\qb3.o"
Deleting file ".\CortexM3\ARM_GCC_541\Debug\pwm3.o"
Deleting file ".\CortexM3\ARM_GCC_541\Debug\dir3.o"
Deleting file ".\CortexM3\ARM_GCC_541\Debug\slp3.o"
Deleting file ".\CortexM3\ARM_GCC_541\Debug\TimerMotores.o"
Deleting file ".\CortexM3\ARM_GCC_541\Debug\TimerMotores_PM.o"
Deleting file ".\CortexM3\ARM_GCC_541\Debug\isr_timer_motores.o"
Deleting file ".\CortexM3\ARM_GCC_541\Debug\led.o"
Deleting file ".\CortexM3\ARM_GCC_541\Debug\timer_clock_1.o"
Deleting file ".\CortexM3\ARM_GCC_541\Debug\TimerCinematico.o"
Deleting file ".\CortexM3\ARM_GCC_541\Debug\TimerCinematico_PM.o"
Deleting file ".\CortexM3\ARM_GCC_541\Debug\isr_timer_cinematico.o"
Deleting file ".\CortexM3\ARM_GCC_541\Debug\QuadDec2_isr.o"
Deleting file ".\CortexM3\ARM_GCC_541\Debug\QuadDec2_Cnt16.o"
Deleting file ".\CortexM3\ARM_GCC_541\Debug\QuadDec2_Cnt16_PM.o"
Deleting file ".\CortexM3\ARM_GCC_541\Debug\UART_IntClock.o"
Deleting file ".\CortexM3\ARM_GCC_541\Debug\QuadDec1_isr.o"
Deleting file ".\CortexM3\ARM_GCC_541\Debug\QuadDec1_Cnt16.o"
Deleting file ".\CortexM3\ARM_GCC_541\Debug\QuadDec1_Cnt16_PM.o"
Deleting file ".\CortexM3\ARM_GCC_541\Debug\QuadDec3_isr.o"
Deleting file ".\CortexM3\ARM_GCC_541\Debug\QuadDec3_Cnt16.o"
Deleting file ".\CortexM3\ARM_GCC_541\Debug\QuadDec3_Cnt16_PM.o"
Deleting file ".\CortexM3\ARM_GCC_541\Debug\cy_em_eeprom.o"
Deleting file ".\CortexM3\ARM_GCC_541\Debug\Cm3Start.o"
Deleting file ".\CortexM3\ARM_GCC_541\Debug\CyBootAsmGnu.o"
Deleting file ".\CortexM3\ARM_GCC_541\Debug\CyDmac.o"
Deleting file ".\CortexM3\ARM_GCC_541\Debug\CyFlash.o"
Deleting file ".\CortexM3\ARM_GCC_541\Debug\CyLib.o"
Deleting file ".\CortexM3\ARM_GCC_541\Debug\cyPm.o"
Deleting file ".\CortexM3\ARM_GCC_541\Debug\CySpc.o"
Deleting file ".\CortexM3\ARM_GCC_541\Debug\cyutils.o"
Deleting file ".\CortexM3\ARM_GCC_541\Debug\CANRX.o"
Deleting file ".\CortexM3\ARM_GCC_541\Debug\CANTX.o"
Deleting file ".\CortexM3\ARM_GCC_541\Debug\CAN.o"
Deleting file ".\CortexM3\ARM_GCC_541\Debug\CAN_INT.o"
Deleting file ".\CortexM3\ARM_GCC_541\Debug\CAN_PM.o"
Deleting file ".\CortexM3\ARM_GCC_541\Debug\CAN_TX_RX_func.o"
Deleting file ".\CortexM3\ARM_GCC_541\Debug\teste_controlador.hex"
Deleting file ".\CortexM3\ARM_GCC_541\Debug\teste_controlador.elf"
Deleting file ".\CortexM3\ARM_GCC_541\Debug\teste_controlador.map"
Deleting file ".\teste_controlador.cycdx"
Deleting file ".\teste_controlador.svd"
Deleting file ".\teste_controlador.rpt"
Deleting file ".\teste_controlador_timing.html"
Deleting file ".\CortexM3\ARM_GCC_541\Debug\.deps\SOURCE_C__ARM_GCC_GENERIC.P"
Deleting file ".\CortexM3\ARM_GCC_541\Debug\.deps\SOURCE_ASM__ARM_GCC_GENERIC.P"
cydsfit.exe -.appdatapath "C:\Users\diego\AppData\Local\Cypress Semiconductor\PSoC Creator\4.3" -.fdsnotice -.fdswarpdepfile=warp_dependencies.txt -.fdselabdepfile=elab_dependencies.txt -.fdsbldfile=generated_files.txt -.fdsreffile=referenced_files.txt -p C:\Users\diego\source\repos\teste_controlador.cydsn\teste_controlador.cyprj -d CY8C5888LTI-LP097 -s C:\Users\diego\source\repos\teste_controlador.cydsn\Generated_Source\PSoC5 -- -yv2 -q10 -ygs -o2 -v3 -.fftcfgtype=LE
Elaborating Design...
HDL Generation...
Synthesis...
Tech Mapping...
Analog Placement...
Analog Routing...
Analog Code Generation...
Digital Placement...
Digital Routing...
Bitstream Generation...
Bitstream Verification...
Static timing analysis...
API Generation...
Dependency Generation...
Cleanup...
arm-none-eabi-gcc.exe -mcpu=cortex-m3 -mthumb -I. -IGenerated_Source\PSoC5 -Wa,-alh=.\CortexM3\ARM_GCC_541\Debug/main.lst -g -D DEBUG -D CY_CORE_ID=0 -Wall -ffunction-sections -ffat-lto-objects -Og -c main.c -o .\CortexM3\ARM_GCC_541\Debug\main.o
main.c: In function 'main':
main.c:118:22: warning: unused variable 'goal2' [-Wunused-variable]
     uint8 goal1 = 0, goal2 = 0;
                      ^
main.c:94:10: warning: unused variable 'str_rps3' [-Wunused-variable]
     char str_rps3[10] = {0};
          ^
main.c:93:10: warning: unused variable 'str_rps2' [-Wunused-variable]
     char str_rps2[10] = {0};
          ^
main.c:92:10: warning: unused variable 'str_rps1' [-Wunused-variable]
     char str_rps1[10] = {0};
          ^
arm-none-eabi-gcc.exe -mcpu=cortex-m3 -mthumb -I. -IGenerated_Source\PSoC5 -Wa,-alh=.\CortexM3\ARM_GCC_541\Debug/aux_functions.lst -g -D DEBUG -D CY_CORE_ID=0 -Wall -ffunction-sections -ffat-lto-objects -Og -c aux_functions.c -o .\CortexM3\ARM_GCC_541\Debug\aux_functions.o
aux_functions.c: In function 'float2string':
aux_functions.c:30:5: warning: implicit declaration of function 'sprintf' [-Wimplicit-function-declaration]
     sprintf(string, "%d.%d\0", characteristic, uint_mantissa);
     ^
aux_functions.c:30:5: warning: incompatible implicit declaration of built-in function 'sprintf'
aux_functions.c:30:5: note: include '<stdio.h>' or provide a declaration of 'sprintf'
aux_functions.c:30:21: warning: embedded '\0' in format [-Wformat-contains-nul]
     sprintf(string, "%d.%d\0", characteristic, uint_mantissa);
                     ^
arm-none-eabi-gcc.exe -mcpu=cortex-m3 -mthumb -I. -IGenerated_Source\PSoC5 -Wa,-alh=.\CortexM3\ARM_GCC_541\Debug/controle_cinematico.lst -g -D DEBUG -D CY_CORE_ID=0 -Wall -ffunction-sections -ffat-lto-objects -Og -c controle_cinematico.c -o .\CortexM3\ARM_GCC_541\Debug\controle_cinematico.o
arm-none-eabi-gcc.exe -mcpu=cortex-m3 -mthumb -I. -IGenerated_Source\PSoC5 -Wa,-alh=.\CortexM3\ARM_GCC_541\Debug/isr.lst -g -D DEBUG -D CY_CORE_ID=0 -Wall -ffunction-sections -ffat-lto-objects -Og -c isr.c -o .\CortexM3\ARM_GCC_541\Debug\isr.o
arm-none-eabi-gcc.exe -mcpu=cortex-m3 -mthumb -I. -IGenerated_Source\PSoC5 -Wa,-alh=.\CortexM3\ARM_GCC_541\Debug/motor.lst -g -D DEBUG -D CY_CORE_ID=0 -Wall -ffunction-sections -ffat-lto-objects -Og -c motor.c -o .\CortexM3\ARM_GCC_541\Debug\motor.o
arm-none-eabi-gcc.exe -mcpu=cortex-m3 -mthumb -I. -IGenerated_Source\PSoC5 -Wa,-alh=.\CortexM3\ARM_GCC_541\Debug/fis.lst -g -D DEBUG -D CY_CORE_ID=0 -Wall -ffunction-sections -ffat-lto-objects -Og -c fis.c -o .\CortexM3\ARM_GCC_541\Debug\fis.o
fis.c: In function 'inference':
fis.c:82:11: warning: variable 'current_area' set but not used [-Wunused-but-set-variable]
     float current_area, current_centroid;
           ^
arm-none-eabi-gcc.exe -mcpu=cortex-m3 -mthumb -I. -IGenerated_Source\PSoC5 -Wa,-alh=.\CortexM3\ARM_GCC_541\Debug/fuzzy_set.lst -g -D DEBUG -D CY_CORE_ID=0 -Wall -ffunction-sections -ffat-lto-objects -Og -c fuzzy_set.c -o .\CortexM3\ARM_GCC_541\Debug\fuzzy_set.o
In file included from fuzzy_set.c:1:0:
fuzzy_set.c: In function 'create_fuzzy_sets':
fuzzy_set.c:35:33: warning: 'enum MF_TYPE' is promoted to 'int' when passed through '...'
         fs[s].type = va_arg(vl, enum MF_TYPE);
                                 ^
fuzzy_set.c:35:33: note: (so you should pass 'int' not 'enum MF_TYPE' to 'va_arg')
fuzzy_set.c:35:33: note: if this code is reached, the program will abort
arm-none-eabi-gcc.exe -mcpu=cortex-m3 -mthumb -I. -IGenerated_Source\PSoC5 -Wa,-alh=.\CortexM3\ARM_GCC_541\Debug/linguistic_variable.lst -g -D DEBUG -D CY_CORE_ID=0 -Wall -ffunction-sections -ffat-lto-objects -Og -c linguistic_variable.c -o .\CortexM3\ARM_GCC_541\Debug\linguistic_variable.o
linguistic_variable.c: In function 'create_linguistic_variables':
linguistic_variable.c:23:3: warning: 'unsigned char' is promoted to 'int' when passed through '...'
   create_linguistic_variable(
   ^
linguistic_variable.c:23:3: note: (so you should pass 'int' not 'unsigned char' to 'va_arg')
linguistic_variable.c:23:3: note: if this code is reached, the program will abort
arm-none-eabi-gcc.exe -mcpu=cortex-m3 -mthumb -I. -IGenerated_Source\PSoC5 -Wa,-alh=.\CortexM3\ARM_GCC_541\Debug/membership_functions.lst -g -D DEBUG -D CY_CORE_ID=0 -Wall -ffunction-sections -ffat-lto-objects -Og -c membership_functions.c -o .\CortexM3\ARM_GCC_541\Debug\membership_functions.o
arm-none-eabi-gcc.exe -mcpu=cortex-m3 -mthumb -I. -IGenerated_Source\PSoC5 -Wa,-alh=.\CortexM3\ARM_GCC_541\Debug/cyfitter_cfg.lst -g -D DEBUG -D CY_CORE_ID=0 -Wall -ffunction-sections -ffat-lto-objects -Og -c Generated_Source\PSoC5\cyfitter_cfg.c -o .\CortexM3\ARM_GCC_541\Debug\cyfitter_cfg.o
arm-none-eabi-gcc.exe -mcpu=cortex-m3 -mthumb -I. -IGenerated_Source\PSoC5 -Wa,-alh=.\CortexM3\ARM_GCC_541\Debug/cymetadata.lst -g -D DEBUG -D CY_CORE_ID=0 -Wall -ffunction-sections -ffat-lto-objects -Og -c Generated_Source\PSoC5\cymetadata.c -o .\CortexM3\ARM_GCC_541\Debug\cymetadata.o
arm-none-eabi-gcc.exe -mcpu=cortex-m3 -mthumb -I. -IGenerated_Source\PSoC5 -Wa,-alh=.\CortexM3\ARM_GCC_541\Debug/BlocoPWM2.lst -g -D DEBUG -D CY_CORE_ID=0 -Wall -ffunction-sections -ffat-lto-objects -Og -c Generated_Source\PSoC5\BlocoPWM2.c -o .\CortexM3\ARM_GCC_541\Debug\BlocoPWM2.o
arm-none-eabi-gcc.exe -mcpu=cortex-m3 -mthumb -I. -IGenerated_Source\PSoC5 -Wa,-alh=.\CortexM3\ARM_GCC_541\Debug/BlocoPWM2_PM.lst -g -D DEBUG -D CY_CORE_ID=0 -Wall -ffunction-sections -ffat-lto-objects -Og -c Generated_Source\PSoC5\BlocoPWM2_PM.c -o .\CortexM3\ARM_GCC_541\Debug\BlocoPWM2_PM.o
arm-none-eabi-gcc.exe -mcpu=cortex-m3 -mthumb -I. -IGenerated_Source\PSoC5 -Wa,-alh=.\CortexM3\ARM_GCC_541\Debug/QuadDec2.lst -g -D DEBUG -D CY_CORE_ID=0 -Wall -ffunction-sections -ffat-lto-objects -Og -c Generated_Source\PSoC5\QuadDec2.c -o .\CortexM3\ARM_GCC_541\Debug\QuadDec2.o
arm-none-eabi-gcc.exe -mcpu=cortex-m3 -mthumb -I. -IGenerated_Source\PSoC5 -Wa,-alh=.\CortexM3\ARM_GCC_541\Debug/QuadDec2_INT.lst -g -D DEBUG -D CY_CORE_ID=0 -Wall -ffunction-sections -ffat-lto-objects -Og -c Generated_Source\PSoC5\QuadDec2_INT.c -o .\CortexM3\ARM_GCC_541\Debug\QuadDec2_INT.o
arm-none-eabi-gcc.exe -mcpu=cortex-m3 -mthumb -I. -IGenerated_Source\PSoC5 -Wa,-alh=.\CortexM3\ARM_GCC_541\Debug/QuadDec2_PM.lst -g -D DEBUG -D CY_CORE_ID=0 -Wall -ffunction-sections -ffat-lto-objects -Og -c Generated_Source\PSoC5\QuadDec2_PM.c -o .\CortexM3\ARM_GCC_541\Debug\QuadDec2_PM.o
arm-none-eabi-gcc.exe -mcpu=cortex-m3 -mthumb -I. -IGenerated_Source\PSoC5 -Wa,-alh=.\CortexM3\ARM_GCC_541\Debug/qa2.lst -g -D DEBUG -D CY_CORE_ID=0 -Wall -ffunction-sections -ffat-lto-objects -Og -c Generated_Source\PSoC5\qa2.c -o .\CortexM3\ARM_GCC_541\Debug\qa2.o
arm-none-eabi-gcc.exe -mcpu=cortex-m3 -mthumb -I. -IGenerated_Source\PSoC5 -Wa,-alh=.\CortexM3\ARM_GCC_541\Debug/qb2.lst -g -D DEBUG -D CY_CORE_ID=0 -Wall -ffunction-sections -ffat-lto-objects -Og -c Generated_Source\PSoC5\qb2.c -o .\CortexM3\ARM_GCC_541\Debug\qb2.o
arm-none-eabi-gcc.exe -mcpu=cortex-m3 -mthumb -I. -IGenerated_Source\PSoC5 -Wa,-alh=.\CortexM3\ARM_GCC_541\Debug/Clock_1.lst -g -D DEBUG -D CY_CORE_ID=0 -Wall -ffunction-sections -ffat-lto-objects -Og -c Generated_Source\PSoC5\Clock_1.c -o .\CortexM3\ARM_GCC_541\Debug\Clock_1.o
arm-none-eabi-gcc.exe -mcpu=cortex-m3 -mthumb -I. -IGenerated_Source\PSoC5 -Wa,-alh=.\CortexM3\ARM_GCC_541\Debug/pwm2.lst -g -D DEBUG -D CY_CORE_ID=0 -Wall -ffunction-sections -ffat-lto-objects -Og -c Generated_Source\PSoC5\pwm2.c -o .\CortexM3\ARM_GCC_541\Debug\pwm2.o
arm-none-eabi-gcc.exe -mcpu=cortex-m3 -mthumb -I. -IGenerated_Source\PSoC5 -Wa,-alh=.\CortexM3\ARM_GCC_541\Debug/UART.lst -g -D DEBUG -D CY_CORE_ID=0 -Wall -ffunction-sections -ffat-lto-objects -Og -c Generated_Source\PSoC5\UART.c -o .\CortexM3\ARM_GCC_541\Debug\UART.o
arm-none-eabi-gcc.exe -mcpu=cortex-m3 -mthumb -I. -IGenerated_Source\PSoC5 -Wa,-alh=.\CortexM3\ARM_GCC_541\Debug/UART_PM.lst -g -D DEBUG -D CY_CORE_ID=0 -Wall -ffunction-sections -ffat-lto-objects -Og -c Generated_Source\PSoC5\UART_PM.c -o .\CortexM3\ARM_GCC_541\Debug\UART_PM.o
arm-none-eabi-gcc.exe -mcpu=cortex-m3 -mthumb -I. -IGenerated_Source\PSoC5 -Wa,-alh=.\CortexM3\ARM_GCC_541\Debug/UART_INT.lst -g -D DEBUG -D CY_CORE_ID=0 -Wall -ffunction-sections -ffat-lto-objects -Og -c Generated_Source\PSoC5\UART_INT.c -o .\CortexM3\ARM_GCC_541\Debug\UART_INT.o
arm-none-eabi-gcc.exe -mcpu=cortex-m3 -mthumb -I. -IGenerated_Source\PSoC5 -Wa,-alh=.\CortexM3\ARM_GCC_541\Debug/UART_BOOT.lst -g -D DEBUG -D CY_CORE_ID=0 -Wall -ffunction-sections -ffat-lto-objects -Og -c Generated_Source\PSoC5\UART_BOOT.c -o .\CortexM3\ARM_GCC_541\Debug\UART_BOOT.o
arm-none-eabi-gcc.exe -mcpu=cortex-m3 -mthumb -I. -IGenerated_Source\PSoC5 -Wa,-alh=.\CortexM3\ARM_GCC_541\Debug/dir2.lst -g -D DEBUG -D CY_CORE_ID=0 -Wall -ffunction-sections -ffat-lto-objects -Og -c Generated_Source\PSoC5\dir2.c -o .\CortexM3\ARM_GCC_541\Debug\dir2.o
arm-none-eabi-gcc.exe -mcpu=cortex-m3 -mthumb -I. -IGenerated_Source\PSoC5 -Wa,-alh=.\CortexM3\ARM_GCC_541\Debug/slp2.lst -g -D DEBUG -D CY_CORE_ID=0 -Wall -ffunction-sections -ffat-lto-objects -Og -c Generated_Source\PSoC5\slp2.c -o .\CortexM3\ARM_GCC_541\Debug\slp2.o
arm-none-eabi-gcc.exe -mcpu=cortex-m3 -mthumb -I. -IGenerated_Source\PSoC5 -Wa,-alh=.\CortexM3\ARM_GCC_541\Debug/BlocoPWM1.lst -g -D DEBUG -D CY_CORE_ID=0 -Wall -ffunction-sections -ffat-lto-objects -Og -c Generated_Source\PSoC5\BlocoPWM1.c -o .\CortexM3\ARM_GCC_541\Debug\BlocoPWM1.o
arm-none-eabi-gcc.exe -mcpu=cortex-m3 -mthumb -I. -IGenerated_Source\PSoC5 -Wa,-alh=.\CortexM3\ARM_GCC_541\Debug/BlocoPWM1_PM.lst -g -D DEBUG -D CY_CORE_ID=0 -Wall -ffunction-sections -ffat-lto-objects -Og -c Generated_Source\PSoC5\BlocoPWM1_PM.c -o .\CortexM3\ARM_GCC_541\Debug\BlocoPWM1_PM.o
arm-none-eabi-gcc.exe -mcpu=cortex-m3 -mthumb -I. -IGenerated_Source\PSoC5 -Wa,-alh=.\CortexM3\ARM_GCC_541\Debug/QuadDec1.lst -g -D DEBUG -D CY_CORE_ID=0 -Wall -ffunction-sections -ffat-lto-objects -Og -c Generated_Source\PSoC5\QuadDec1.c -o .\CortexM3\ARM_GCC_541\Debug\QuadDec1.o
arm-none-eabi-gcc.exe -mcpu=cortex-m3 -mthumb -I. -IGenerated_Source\PSoC5 -Wa,-alh=.\CortexM3\ARM_GCC_541\Debug/QuadDec1_INT.lst -g -D DEBUG -D CY_CORE_ID=0 -Wall -ffunction-sections -ffat-lto-objects -Og -c Generated_Source\PSoC5\QuadDec1_INT.c -o .\CortexM3\ARM_GCC_541\Debug\QuadDec1_INT.o
arm-none-eabi-gcc.exe -mcpu=cortex-m3 -mthumb -I. -IGenerated_Source\PSoC5 -Wa,-alh=.\CortexM3\ARM_GCC_541\Debug/QuadDec1_PM.lst -g -D DEBUG -D CY_CORE_ID=0 -Wall -ffunction-sections -ffat-lto-objects -Og -c Generated_Source\PSoC5\QuadDec1_PM.c -o .\CortexM3\ARM_GCC_541\Debug\QuadDec1_PM.o
arm-none-eabi-gcc.exe -mcpu=cortex-m3 -mthumb -I. -IGenerated_Source\PSoC5 -Wa,-alh=.\CortexM3\ARM_GCC_541\Debug/qa1.lst -g -D DEBUG -D CY_CORE_ID=0 -Wall -ffunction-sections -ffat-lto-objects -Og -c Generated_Source\PSoC5\qa1.c -o .\CortexM3\ARM_GCC_541\Debug\qa1.o
arm-none-eabi-gcc.exe -mcpu=cortex-m3 -mthumb -I. -IGenerated_Source\PSoC5 -Wa,-alh=.\CortexM3\ARM_GCC_541\Debug/qb1.lst -g -D DEBUG -D CY_CORE_ID=0 -Wall -ffunction-sections -ffat-lto-objects -Og -c Generated_Source\PSoC5\qb1.c -o .\CortexM3\ARM_GCC_541\Debug\qb1.o
arm-none-eabi-gcc.exe -mcpu=cortex-m3 -mthumb -I. -IGenerated_Source\PSoC5 -Wa,-alh=.\CortexM3\ARM_GCC_541\Debug/pwm1.lst -g -D DEBUG -D CY_CORE_ID=0 -Wall -ffunction-sections -ffat-lto-objects -Og -c Generated_Source\PSoC5\pwm1.c -o .\CortexM3\ARM_GCC_541\Debug\pwm1.o
arm-none-eabi-gcc.exe -mcpu=cortex-m3 -mthumb -I. -IGenerated_Source\PSoC5 -Wa,-alh=.\CortexM3\ARM_GCC_541\Debug/dir1.lst -g -D DEBUG -D CY_CORE_ID=0 -Wall -ffunction-sections -ffat-lto-objects -Og -c Generated_Source\PSoC5\dir1.c -o .\CortexM3\ARM_GCC_541\Debug\dir1.o
arm-none-eabi-gcc.exe -mcpu=cortex-m3 -mthumb -I. -IGenerated_Source\PSoC5 -Wa,-alh=.\CortexM3\ARM_GCC_541\Debug/slp1.lst -g -D DEBUG -D CY_CORE_ID=0 -Wall -ffunction-sections -ffat-lto-objects -Og -c Generated_Source\PSoC5\slp1.c -o .\CortexM3\ARM_GCC_541\Debug\slp1.o
arm-none-eabi-gcc.exe -mcpu=cortex-m3 -mthumb -I. -IGenerated_Source\PSoC5 -Wa,-alh=.\CortexM3\ARM_GCC_541\Debug/BlocoPWM3.lst -g -D DEBUG -D CY_CORE_ID=0 -Wall -ffunction-sections -ffat-lto-objects -Og -c Generated_Source\PSoC5\BlocoPWM3.c -o .\CortexM3\ARM_GCC_541\Debug\BlocoPWM3.o
arm-none-eabi-gcc.exe -mcpu=cortex-m3 -mthumb -I. -IGenerated_Source\PSoC5 -Wa,-alh=.\CortexM3\ARM_GCC_541\Debug/BlocoPWM3_PM.lst -g -D DEBUG -D CY_CORE_ID=0 -Wall -ffunction-sections -ffat-lto-objects -Og -c Generated_Source\PSoC5\BlocoPWM3_PM.c -o .\CortexM3\ARM_GCC_541\Debug\BlocoPWM3_PM.o
arm-none-eabi-gcc.exe -mcpu=cortex-m3 -mthumb -I. -IGenerated_Source\PSoC5 -Wa,-alh=.\CortexM3\ARM_GCC_541\Debug/QuadDec3.lst -g -D DEBUG -D CY_CORE_ID=0 -Wall -ffunction-sections -ffat-lto-objects -Og -c Generated_Source\PSoC5\QuadDec3.c -o .\CortexM3\ARM_GCC_541\Debug\QuadDec3.o
arm-none-eabi-gcc.exe -mcpu=cortex-m3 -mthumb -I. -IGenerated_Source\PSoC5 -Wa,-alh=.\CortexM3\ARM_GCC_541\Debug/QuadDec3_INT.lst -g -D DEBUG -D CY_CORE_ID=0 -Wall -ffunction-sections -ffat-lto-objects -Og -c Generated_Source\PSoC5\QuadDec3_INT.c -o .\CortexM3\ARM_GCC_541\Debug\QuadDec3_INT.o
arm-none-eabi-gcc.exe -mcpu=cortex-m3 -mthumb -I. -IGenerated_Source\PSoC5 -Wa,-alh=.\CortexM3\ARM_GCC_541\Debug/QuadDec3_PM.lst -g -D DEBUG -D CY_CORE_ID=0 -Wall -ffunction-sections -ffat-lto-objects -Og -c Generated_Source\PSoC5\QuadDec3_PM.c -o .\CortexM3\ARM_GCC_541\Debug\QuadDec3_PM.o
arm-none-eabi-gcc.exe -mcpu=cortex-m3 -mthumb -I. -IGenerated_Source\PSoC5 -Wa,-alh=.\CortexM3\ARM_GCC_541\Debug/qa3.lst -g -D DEBUG -D CY_CORE_ID=0 -Wall -ffunction-sections -ffat-lto-objects -Og -c Generated_Source\PSoC5\qa3.c -o .\CortexM3\ARM_GCC_541\Debug\qa3.o
arm-none-eabi-gcc.exe -mcpu=cortex-m3 -mthumb -I. -IGenerated_Source\PSoC5 -Wa,-alh=.\CortexM3\ARM_GCC_541\Debug/qb3.lst -g -D DEBUG -D CY_CORE_ID=0 -Wall -ffunction-sections -ffat-lto-objects -Og -c Generated_Source\PSoC5\qb3.c -o .\CortexM3\ARM_GCC_541\Debug\qb3.o
arm-none-eabi-gcc.exe -mcpu=cortex-m3 -mthumb -I. -IGenerated_Source\PSoC5 -Wa,-alh=.\CortexM3\ARM_GCC_541\Debug/pwm3.lst -g -D DEBUG -D CY_CORE_ID=0 -Wall -ffunction-sections -ffat-lto-objects -Og -c Generated_Source\PSoC5\pwm3.c -o .\CortexM3\ARM_GCC_541\Debug\pwm3.o
arm-none-eabi-gcc.exe -mcpu=cortex-m3 -mthumb -I. -IGenerated_Source\PSoC5 -Wa,-alh=.\CortexM3\ARM_GCC_541\Debug/dir3.lst -g -D DEBUG -D CY_CORE_ID=0 -Wall -ffunction-sections -ffat-lto-objects -Og -c Generated_Source\PSoC5\dir3.c -o .\CortexM3\ARM_GCC_541\Debug\dir3.o
arm-none-eabi-gcc.exe -mcpu=cortex-m3 -mthumb -I. -IGenerated_Source\PSoC5 -Wa,-alh=.\CortexM3\ARM_GCC_541\Debug/slp3.lst -g -D DEBUG -D CY_CORE_ID=0 -Wall -ffunction-sections -ffat-lto-objects -Og -c Generated_Source\PSoC5\slp3.c -o .\CortexM3\ARM_GCC_541\Debug\slp3.o
arm-none-eabi-gcc.exe -mcpu=cortex-m3 -mthumb -I. -IGenerated_Source\PSoC5 -Wa,-alh=.\CortexM3\ARM_GCC_541\Debug/TimerMotores.lst -g -D DEBUG -D CY_CORE_ID=0 -Wall -ffunction-sections -ffat-lto-objects -Og -c Generated_Source\PSoC5\TimerMotores.c -o .\CortexM3\ARM_GCC_541\Debug\TimerMotores.o
arm-none-eabi-gcc.exe -mcpu=cortex-m3 -mthumb -I. -IGenerated_Source\PSoC5 -Wa,-alh=.\CortexM3\ARM_GCC_541\Debug/TimerMotores_PM.lst -g -D DEBUG -D CY_CORE_ID=0 -Wall -ffunction-sections -ffat-lto-objects -Og -c Generated_Source\PSoC5\TimerMotores_PM.c -o .\CortexM3\ARM_GCC_541\Debug\TimerMotores_PM.o
arm-none-eabi-gcc.exe -mcpu=cortex-m3 -mthumb -I. -IGenerated_Source\PSoC5 -Wa,-alh=.\CortexM3\ARM_GCC_541\Debug/isr_timer_motores.lst -g -D DEBUG -D CY_CORE_ID=0 -Wall -ffunction-sections -ffat-lto-objects -Og -c Generated_Source\PSoC5\isr_timer_motores.c -o .\CortexM3\ARM_GCC_541\Debug\isr_timer_motores.o
arm-none-eabi-gcc.exe -mcpu=cortex-m3 -mthumb -I. -IGenerated_Source\PSoC5 -Wa,-alh=.\CortexM3\ARM_GCC_541\Debug/led.lst -g -D DEBUG -D CY_CORE_ID=0 -Wall -ffunction-sections -ffat-lto-objects -Og -c Generated_Source\PSoC5\led.c -o .\CortexM3\ARM_GCC_541\Debug\led.o
arm-none-eabi-gcc.exe -mcpu=cortex-m3 -mthumb -I. -IGenerated_Source\PSoC5 -Wa,-alh=.\CortexM3\ARM_GCC_541\Debug/timer_clock_1.lst -g -D DEBUG -D CY_CORE_ID=0 -Wall -ffunction-sections -ffat-lto-objects -Og -c Generated_Source\PSoC5\timer_clock_1.c -o .\CortexM3\ARM_GCC_541\Debug\timer_clock_1.o
arm-none-eabi-gcc.exe -mcpu=cortex-m3 -mthumb -I. -IGenerated_Source\PSoC5 -Wa,-alh=.\CortexM3\ARM_GCC_541\Debug/TimerCinematico.lst -g -D DEBUG -D CY_CORE_ID=0 -Wall -ffunction-sections -ffat-lto-objects -Og -c Generated_Source\PSoC5\TimerCinematico.c -o .\CortexM3\ARM_GCC_541\Debug\TimerCinematico.o
arm-none-eabi-gcc.exe -mcpu=cortex-m3 -mthumb -I. -IGenerated_Source\PSoC5 -Wa,-alh=.\CortexM3\ARM_GCC_541\Debug/TimerCinematico_PM.lst -g -D DEBUG -D CY_CORE_ID=0 -Wall -ffunction-sections -ffat-lto-objects -Og -c Generated_Source\PSoC5\TimerCinematico_PM.c -o .\CortexM3\ARM_GCC_541\Debug\TimerCinematico_PM.o
arm-none-eabi-gcc.exe -mcpu=cortex-m3 -mthumb -I. -IGenerated_Source\PSoC5 -Wa,-alh=.\CortexM3\ARM_GCC_541\Debug/isr_timer_cinematico.lst -g -D DEBUG -D CY_CORE_ID=0 -Wall -ffunction-sections -ffat-lto-objects -Og -c Generated_Source\PSoC5\isr_timer_cinematico.c -o .\CortexM3\ARM_GCC_541\Debug\isr_timer_cinematico.o
arm-none-eabi-gcc.exe -mcpu=cortex-m3 -mthumb -I. -IGenerated_Source\PSoC5 -Wa,-alh=.\CortexM3\ARM_GCC_541\Debug/QuadDec2_isr.lst -g -D DEBUG -D CY_CORE_ID=0 -Wall -ffunction-sections -ffat-lto-objects -Og -c Generated_Source\PSoC5\QuadDec2_isr.c -o .\CortexM3\ARM_GCC_541\Debug\QuadDec2_isr.o
arm-none-eabi-gcc.exe -mcpu=cortex-m3 -mthumb -I. -IGenerated_Source\PSoC5 -Wa,-alh=.\CortexM3\ARM_GCC_541\Debug/QuadDec2_Cnt16.lst -g -D DEBUG -D CY_CORE_ID=0 -Wall -ffunction-sections -ffat-lto-objects -Og -c Generated_Source\PSoC5\QuadDec2_Cnt16.c -o .\CortexM3\ARM_GCC_541\Debug\QuadDec2_Cnt16.o
arm-none-eabi-gcc.exe -mcpu=cortex-m3 -mthumb -I. -IGenerated_Source\PSoC5 -Wa,-alh=.\CortexM3\ARM_GCC_541\Debug/QuadDec2_Cnt16_PM.lst -g -D DEBUG -D CY_CORE_ID=0 -Wall -ffunction-sections -ffat-lto-objects -Og -c Generated_Source\PSoC5\QuadDec2_Cnt16_PM.c -o .\CortexM3\ARM_GCC_541\Debug\QuadDec2_Cnt16_PM.o
arm-none-eabi-gcc.exe -mcpu=cortex-m3 -mthumb -I. -IGenerated_Source\PSoC5 -Wa,-alh=.\CortexM3\ARM_GCC_541\Debug/UART_IntClock.lst -g -D DEBUG -D CY_CORE_ID=0 -Wall -ffunction-sections -ffat-lto-objects -Og -c Generated_Source\PSoC5\UART_IntClock.c -o .\CortexM3\ARM_GCC_541\Debug\UART_IntClock.o
arm-none-eabi-gcc.exe -mcpu=cortex-m3 -mthumb -I. -IGenerated_Source\PSoC5 -Wa,-alh=.\CortexM3\ARM_GCC_541\Debug/QuadDec1_isr.lst -g -D DEBUG -D CY_CORE_ID=0 -Wall -ffunction-sections -ffat-lto-objects -Og -c Generated_Source\PSoC5\QuadDec1_isr.c -o .\CortexM3\ARM_GCC_541\Debug\QuadDec1_isr.o
arm-none-eabi-gcc.exe -mcpu=cortex-m3 -mthumb -I. -IGenerated_Source\PSoC5 -Wa,-alh=.\CortexM3\ARM_GCC_541\Debug/QuadDec1_Cnt16.lst -g -D DEBUG -D CY_CORE_ID=0 -Wall -ffunction-sections -ffat-lto-objects -Og -c Generated_Source\PSoC5\QuadDec1_Cnt16.c -o .\CortexM3\ARM_GCC_541\Debug\QuadDec1_Cnt16.o
arm-none-eabi-gcc.exe -mcpu=cortex-m3 -mthumb -I. -IGenerated_Source\PSoC5 -Wa,-alh=.\CortexM3\ARM_GCC_541\Debug/QuadDec1_Cnt16_PM.lst -g -D DEBUG -D CY_CORE_ID=0 -Wall -ffunction-sections -ffat-lto-objects -Og -c Generated_Source\PSoC5\QuadDec1_Cnt16_PM.c -o .\CortexM3\ARM_GCC_541\Debug\QuadDec1_Cnt16_PM.o
arm-none-eabi-gcc.exe -mcpu=cortex-m3 -mthumb -I. -IGenerated_Source\PSoC5 -Wa,-alh=.\CortexM3\ARM_GCC_541\Debug/QuadDec3_isr.lst -g -D DEBUG -D CY_CORE_ID=0 -Wall -ffunction-sections -ffat-lto-objects -Og -c Generated_Source\PSoC5\QuadDec3_isr.c -o .\CortexM3\ARM_GCC_541\Debug\QuadDec3_isr.o
arm-none-eabi-gcc.exe -mcpu=cortex-m3 -mthumb -I. -IGenerated_Source\PSoC5 -Wa,-alh=.\CortexM3\ARM_GCC_541\Debug/QuadDec3_Cnt16.lst -g -D DEBUG -D CY_CORE_ID=0 -Wall -ffunction-sections -ffat-lto-objects -Og -c Generated_Source\PSoC5\QuadDec3_Cnt16.c -o .\CortexM3\ARM_GCC_541\Debug\QuadDec3_Cnt16.o
arm-none-eabi-gcc.exe -mcpu=cortex-m3 -mthumb -I. -IGenerated_Source\PSoC5 -Wa,-alh=.\CortexM3\ARM_GCC_541\Debug/QuadDec3_Cnt16_PM.lst -g -D DEBUG -D CY_CORE_ID=0 -Wall -ffunction-sections -ffat-lto-objects -Og -c Generated_Source\PSoC5\QuadDec3_Cnt16_PM.c -o .\CortexM3\ARM_GCC_541\Debug\QuadDec3_Cnt16_PM.o
arm-none-eabi-gcc.exe -mcpu=cortex-m3 -mthumb -I. -IGenerated_Source\PSoC5 -Wa,-alh=.\CortexM3\ARM_GCC_541\Debug/cy_em_eeprom.lst -g -D DEBUG -D CY_CORE_ID=0 -Wall -ffunction-sections -ffat-lto-objects -Og -c Generated_Source\PSoC5\cy_em_eeprom.c -o .\CortexM3\ARM_GCC_541\Debug\cy_em_eeprom.o
arm-none-eabi-gcc.exe -mcpu=cortex-m3 -mthumb -I. -IGenerated_Source\PSoC5 -Wa,-alh=.\CortexM3\ARM_GCC_541\Debug/Cm3Start.lst -g -D DEBUG -D CY_CORE_ID=0 -Wall -ffunction-sections -ffat-lto-objects -Og -c Generated_Source\PSoC5\Cm3Start.c -o .\CortexM3\ARM_GCC_541\Debug\Cm3Start.o
arm-none-eabi-gcc.exe -mcpu=cortex-m3 -mthumb -I. -IGenerated_Source\PSoC5 -Wa,-alh=.\CortexM3\ARM_GCC_541\Debug/CyDmac.lst -g -D DEBUG -D CY_CORE_ID=0 -Wall -ffunction-sections -ffat-lto-objects -Og -c Generated_Source\PSoC5\CyDmac.c -o .\CortexM3\ARM_GCC_541\Debug\CyDmac.o
arm-none-eabi-gcc.exe -mcpu=cortex-m3 -mthumb -I. -IGenerated_Source\PSoC5 -Wa,-alh=.\CortexM3\ARM_GCC_541\Debug/CyFlash.lst -g -D DEBUG -D CY_CORE_ID=0 -Wall -ffunction-sections -ffat-lto-objects -Og -c Generated_Source\PSoC5\CyFlash.c -o .\CortexM3\ARM_GCC_541\Debug\CyFlash.o
arm-none-eabi-gcc.exe -mcpu=cortex-m3 -mthumb -I. -IGenerated_Source\PSoC5 -Wa,-alh=.\CortexM3\ARM_GCC_541\Debug/CyLib.lst -g -D DEBUG -D CY_CORE_ID=0 -Wall -ffunction-sections -ffat-lto-objects -Og -c Generated_Source\PSoC5\CyLib.c -o .\CortexM3\ARM_GCC_541\Debug\CyLib.o
arm-none-eabi-gcc.exe -mcpu=cortex-m3 -mthumb -I. -IGenerated_Source\PSoC5 -Wa,-alh=.\CortexM3\ARM_GCC_541\Debug/cyPm.lst -g -D DEBUG -D CY_CORE_ID=0 -Wall -ffunction-sections -ffat-lto-objects -Og -c Generated_Source\PSoC5\cyPm.c -o .\CortexM3\ARM_GCC_541\Debug\cyPm.o
arm-none-eabi-gcc.exe -mcpu=cortex-m3 -mthumb -I. -IGenerated_Source\PSoC5 -Wa,-alh=.\CortexM3\ARM_GCC_541\Debug/CySpc.lst -g -D DEBUG -D CY_CORE_ID=0 -Wall -ffunction-sections -ffat-lto-objects -Og -c Generated_Source\PSoC5\CySpc.c -o .\CortexM3\ARM_GCC_541\Debug\CySpc.o
arm-none-eabi-gcc.exe -mcpu=cortex-m3 -mthumb -I. -IGenerated_Source\PSoC5 -Wa,-alh=.\CortexM3\ARM_GCC_541\Debug/cyutils.lst -g -D DEBUG -D CY_CORE_ID=0 -Wall -ffunction-sections -ffat-lto-objects -Og -c Generated_Source\PSoC5\cyutils.c -o .\CortexM3\ARM_GCC_541\Debug\cyutils.o
arm-none-eabi-gcc.exe -mcpu=cortex-m3 -mthumb -I. -IGenerated_Source\PSoC5 -Wa,-alh=.\CortexM3\ARM_GCC_541\Debug/CANRX.lst -g -D DEBUG -D CY_CORE_ID=0 -Wall -ffunction-sections -ffat-lto-objects -Og -c Generated_Source\PSoC5\CANRX.c -o .\CortexM3\ARM_GCC_541\Debug\CANRX.o
arm-none-eabi-gcc.exe -mcpu=cortex-m3 -mthumb -I. -IGenerated_Source\PSoC5 -Wa,-alh=.\CortexM3\ARM_GCC_541\Debug/CANTX.lst -g -D DEBUG -D CY_CORE_ID=0 -Wall -ffunction-sections -ffat-lto-objects -Og -c Generated_Source\PSoC5\CANTX.c -o .\CortexM3\ARM_GCC_541\Debug\CANTX.o
arm-none-eabi-gcc.exe -mcpu=cortex-m3 -mthumb -I. -IGenerated_Source\PSoC5 -Wa,-alh=.\CortexM3\ARM_GCC_541\Debug/CAN.lst -g -D DEBUG -D CY_CORE_ID=0 -Wall -ffunction-sections -ffat-lto-objects -Og -c Generated_Source\PSoC5\CAN.c -o .\CortexM3\ARM_GCC_541\Debug\CAN.o
arm-none-eabi-gcc.exe -mcpu=cortex-m3 -mthumb -I. -IGenerated_Source\PSoC5 -Wa,-alh=.\CortexM3\ARM_GCC_541\Debug/CAN_INT.lst -g -D DEBUG -D CY_CORE_ID=0 -Wall -ffunction-sections -ffat-lto-objects -Og -c Generated_Source\PSoC5\CAN_INT.c -o .\CortexM3\ARM_GCC_541\Debug\CAN_INT.o
arm-none-eabi-gcc.exe -mcpu=cortex-m3 -mthumb -I. -IGenerated_Source\PSoC5 -Wa,-alh=.\CortexM3\ARM_GCC_541\Debug/CAN_PM.lst -g -D DEBUG -D CY_CORE_ID=0 -Wall -ffunction-sections -ffat-lto-objects -Og -c Generated_Source\PSoC5\CAN_PM.c -o .\CortexM3\ARM_GCC_541\Debug\CAN_PM.o
arm-none-eabi-gcc.exe -mcpu=cortex-m3 -mthumb -I. -IGenerated_Source\PSoC5 -Wa,-alh=.\CortexM3\ARM_GCC_541\Debug/CAN_TX_RX_func.lst -g -D DEBUG -D CY_CORE_ID=0 -Wall -ffunction-sections -ffat-lto-objects -Og -c Generated_Source\PSoC5\CAN_TX_RX_func.c -o .\CortexM3\ARM_GCC_541\Debug\CAN_TX_RX_func.o
arm-none-eabi-as.exe -mcpu=cortex-m3 -mthumb -I. -IGenerated_Source\PSoC5 -alh=.\CortexM3\ARM_GCC_541\Debug/CyBootAsmGnu.lst -g -W -o .\CortexM3\ARM_GCC_541\Debug\CyBootAsmGnu.o Generated_Source\PSoC5\CyBootAsmGnu.s
arm-none-eabi-ar.exe -rs .\CortexM3\ARM_GCC_541\Debug\teste_controlador.a .\CortexM3\ARM_GCC_541\Debug\BlocoPWM2.o .\CortexM3\ARM_GCC_541\Debug\BlocoPWM2_PM.o .\CortexM3\ARM_GCC_541\Debug\QuadDec2.o .\CortexM3\ARM_GCC_541\Debug\QuadDec2_INT.o .\CortexM3\ARM_GCC_541\Debug\QuadDec2_PM.o .\CortexM3\ARM_GCC_541\Debug\qa2.o .\CortexM3\ARM_GCC_541\Debug\qb2.o .\CortexM3\ARM_GCC_541\Debug\Clock_1.o .\CortexM3\ARM_GCC_541\Debug\pwm2.o .\CortexM3\ARM_GCC_541\Debug\UART.o .\CortexM3\ARM_GCC_541\Debug\UART_PM.o .\CortexM3\ARM_GCC_541\Debug\UART_INT.o .\CortexM3\ARM_GCC_541\Debug\UART_BOOT.o .\CortexM3\ARM_GCC_541\Debug\dir2.o .\CortexM3\ARM_GCC_541\Debug\slp2.o .\CortexM3\ARM_GCC_541\Debug\BlocoPWM1.o .\CortexM3\ARM_GCC_541\Debug\BlocoPWM1_PM.o .\CortexM3\ARM_GCC_541\Debug\QuadDec1.o .\CortexM3\ARM_GCC_541\Debug\QuadDec1_INT.o .\CortexM3\ARM_GCC_541\Debug\QuadDec1_PM.o .\CortexM3\ARM_GCC_541\Debug\qa1.o .\CortexM3\ARM_GCC_541\Debug\qb1.o .\CortexM3\ARM_GCC_541\Debug\pwm1.o .\CortexM3\ARM_GCC_541\Debug\dir1.o .\CortexM3\ARM_GCC_541\Debug\slp1.o .\CortexM3\ARM_GCC_541\Debug\BlocoPWM3.o .\CortexM3\ARM_GCC_541\Debug\BlocoPWM3_PM.o .\CortexM3\ARM_GCC_541\Debug\QuadDec3.o .\CortexM3\ARM_GCC_541\Debug\QuadDec3_INT.o .\CortexM3\ARM_GCC_541\Debug\QuadDec3_PM.o .\CortexM3\ARM_GCC_541\Debug\qa3.o .\CortexM3\ARM_GCC_541\Debug\qb3.o .\CortexM3\ARM_GCC_541\Debug\pwm3.o .\CortexM3\ARM_GCC_541\Debug\dir3.o .\CortexM3\ARM_GCC_541\Debug\slp3.o .\CortexM3\ARM_GCC_541\Debug\TimerMotores.o .\CortexM3\ARM_GCC_541\Debug\TimerMotores_PM.o .\CortexM3\ARM_GCC_541\Debug\isr_timer_motores.o .\CortexM3\ARM_GCC_541\Debug\led.o .\CortexM3\ARM_GCC_541\Debug\timer_clock_1.o .\CortexM3\ARM_GCC_541\Debug\TimerCinematico.o .\CortexM3\ARM_GCC_541\Debug\TimerCinematico_PM.o .\CortexM3\ARM_GCC_541\Debug\isr_timer_cinematico.o .\CortexM3\ARM_GCC_541\Debug\QuadDec2_isr.o .\CortexM3\ARM_GCC_541\Debug\QuadDec2_Cnt16.o .\CortexM3\ARM_GCC_541\Debug\QuadDec2_Cnt16_PM.o .\CortexM3\ARM_GCC_541\Debug\UART_IntClock.o .\CortexM3\ARM_GCC_541\Debug\QuadDec1_isr.o .\CortexM3\ARM_GCC_541\Debug\QuadDec1_Cnt16.o .\CortexM3\ARM_GCC_541\Debug\QuadDec1_Cnt16_PM.o .\CortexM3\ARM_GCC_541\Debug\QuadDec3_isr.o .\CortexM3\ARM_GCC_541\Debug\QuadDec3_Cnt16.o .\CortexM3\ARM_GCC_541\Debug\QuadDec3_Cnt16_PM.o .\CortexM3\ARM_GCC_541\Debug\cy_em_eeprom.o .\CortexM3\ARM_GCC_541\Debug\CyDmac.o .\CortexM3\ARM_GCC_541\Debug\CyFlash.o .\CortexM3\ARM_GCC_541\Debug\CyLib.o .\CortexM3\ARM_GCC_541\Debug\cyPm.o .\CortexM3\ARM_GCC_541\Debug\CySpc.o .\CortexM3\ARM_GCC_541\Debug\cyutils.o .\CortexM3\ARM_GCC_541\Debug\CANRX.o .\CortexM3\ARM_GCC_541\Debug\CANTX.o .\CortexM3\ARM_GCC_541\Debug\CAN.o .\CortexM3\ARM_GCC_541\Debug\CAN_INT.o .\CortexM3\ARM_GCC_541\Debug\CAN_PM.o .\CortexM3\ARM_GCC_541\Debug\CAN_TX_RX_func.o .\CortexM3\ARM_GCC_541\Debug\CyBootAsmGnu.o
arm-none-eabi-ar.exe: creating .\CortexM3\ARM_GCC_541\Debug\teste_controlador.a
arm-none-eabi-gcc.exe -Wl,--start-group -o C:\Users\diego\source\repos\teste_controlador.cydsn\CortexM3\ARM_GCC_541\Debug\teste_controlador.elf .\CortexM3\ARM_GCC_541\Debug\main.o .\CortexM3\ARM_GCC_541\Debug\aux_functions.o .\CortexM3\ARM_GCC_541\Debug\controle_cinematico.o .\CortexM3\ARM_GCC_541\Debug\isr.o .\CortexM3\ARM_GCC_541\Debug\motor.o .\CortexM3\ARM_GCC_541\Debug\fis.o .\CortexM3\ARM_GCC_541\Debug\fuzzy_set.o .\CortexM3\ARM_GCC_541\Debug\linguistic_variable.o .\CortexM3\ARM_GCC_541\Debug\membership_functions.o .\CortexM3\ARM_GCC_541\Debug\cyfitter_cfg.o .\CortexM3\ARM_GCC_541\Debug\cymetadata.o .\CortexM3\ARM_GCC_541\Debug\Cm3Start.o .\CortexM3\ARM_GCC_541\Debug\teste_controlador.a "C:\Program Files (x86)\Cypress\PSoC Creator\4.3\PSoC Creator\psoc\content\cycomponentlibrary\CyComponentLibrary.cylib\CortexM3\ARM_GCC_541\Debug\CyComponentLibrary.a" -mcpu=cortex-m3 -mthumb -l m -L Generated_Source\PSoC5 -Wl,-Map,.\CortexM3\ARM_GCC_541\Debug/teste_controlador.map -T Generated_Source\PSoC5\cm3gcc.ld -specs=nano.specs -Wl,--gc-sections -g -ffunction-sections -Og -ffat-lto-objects -Wl,--end-group
cyelftool.exe -C C:\Users\diego\source\repos\teste_controlador.cydsn\CortexM3\ARM_GCC_541\Debug\teste_controlador.elf --flash_row_size 256 --flash_size 262144 --flash_offset 0x00000000
No ELF section .cychecksum found, creating one
Application checksum calculated and stored in ELF section .cychecksum
Checksum calculated and stored in ELF section .cymeta
cyelftool.exe -S C:\Users\diego\source\repos\teste_controlador.cydsn\CortexM3\ARM_GCC_541\Debug\teste_controlador.elf
Flash used: 24684 of 262144 bytes (9,4%).
SRAM used: 7137 of 65536 bytes (10,9%). Stack: 2048 bytes. Heap: 128 bytes.
--------------- Rebuild Succeeded: 04/30/2020 19:33:20 ---------------
