ARM GAS  C:\Users\diego\AppData\Local\Temp\ccgjvv5N.s 			page 1


   1              		.syntax unified
   2              		.cpu cortex-m3
   3              		.fpu softvfp
   4              		.eabi_attribute 20, 1
   5              		.eabi_attribute 21, 1
   6              		.eabi_attribute 23, 3
   7              		.eabi_attribute 24, 1
   8              		.eabi_attribute 25, 1
   9              		.eabi_attribute 26, 1
  10              		.eabi_attribute 30, 1
  11              		.eabi_attribute 34, 1
  12              		.eabi_attribute 18, 4
  13              		.thumb
  14              		.syntax unified
  15              		.file	"fuzzy_set.c"
  16              		.text
  17              	.Ltext0:
  18              		.cfi_sections	.debug_frame
  19              		.section	.text._strcpy,"ax",%progbits
  20              		.align	2
  21              		.global	_strcpy
  22              		.thumb
  23              		.thumb_func
  24              		.type	_strcpy, %function
  25              	_strcpy:
  26              	.LFB0:
  27              		.file 1 "fuzzy_set.c"
   1:fuzzy_set.c   **** #include <stdarg.h>
   2:fuzzy_set.c   **** #include <string.h>
   3:fuzzy_set.c   **** 
   4:fuzzy_set.c   **** #include "fuzzy_set.h"
   5:fuzzy_set.c   **** 
   6:fuzzy_set.c   **** void _strcpy(char *dst, const char *src, int len) {
  28              		.loc 1 6 0
  29              		.cfi_startproc
  30              		@ args = 0, pretend = 0, frame = 0
  31              		@ frame_needed = 0, uses_anonymous_args = 0
  32              		@ link register save eliminated.
  33              	.LVL0:
  34 0000 10B4     		push	{r4}
  35              		.cfi_def_cfa_offset 4
  36              		.cfi_offset 4, -4
  37              	.LVL1:
  38              	.LBB2:
   7:fuzzy_set.c   ****     for (int i = 0; i < len - 1; i++) dst[i] = src[i];
  39              		.loc 1 7 0
  40 0002 0023     		movs	r3, #0
  41 0004 02E0     		b	.L2
  42              	.LVL2:
  43              	.L3:
  44              		.loc 1 7 0 is_stmt 0 discriminator 3
  45 0006 CC5C     		ldrb	r4, [r1, r3]	@ zero_extendqisi2
  46 0008 C454     		strb	r4, [r0, r3]
  47 000a 0133     		adds	r3, r3, #1
  48              	.LVL3:
  49              	.L2:
  50              		.loc 1 7 0 discriminator 1
ARM GAS  C:\Users\diego\AppData\Local\Temp\ccgjvv5N.s 			page 2


  51 000c 541E     		subs	r4, r2, #1
  52 000e A342     		cmp	r3, r4
  53 0010 F9DB     		blt	.L3
  54              	.LBE2:
   8:fuzzy_set.c   **** }
  55              		.loc 1 8 0 is_stmt 1
  56 0012 10BC     		pop	{r4}
  57              		.cfi_restore 4
  58              		.cfi_def_cfa_offset 0
  59 0014 7047     		bx	lr
  60              		.cfi_endproc
  61              	.LFE0:
  62              		.size	_strcpy, .-_strcpy
  63              		.global	__aeabi_d2f
  64 0016 00BF     		.section	.text.create_fuzzy_set,"ax",%progbits
  65              		.align	2
  66              		.global	create_fuzzy_set
  67              		.thumb
  68              		.thumb_func
  69              		.type	create_fuzzy_set, %function
  70              	create_fuzzy_set:
  71              	.LFB1:
   9:fuzzy_set.c   **** 
  10:fuzzy_set.c   **** void create_fuzzy_set(
  11:fuzzy_set.c   ****     fuzzy_set *fs,
  12:fuzzy_set.c   ****     const char *name,
  13:fuzzy_set.c   ****     enum MF_TYPE type,
  14:fuzzy_set.c   ****     double p1, double p2, double p3, double p4)
  15:fuzzy_set.c   **** {
  72              		.loc 1 15 0
  73              		.cfi_startproc
  74              		@ args = 32, pretend = 0, frame = 0
  75              		@ frame_needed = 0, uses_anonymous_args = 0
  76              	.LVL4:
  77 0000 38B5     		push	{r3, r4, r5, lr}
  78              		.cfi_def_cfa_offset 16
  79              		.cfi_offset 3, -16
  80              		.cfi_offset 4, -12
  81              		.cfi_offset 5, -8
  82              		.cfi_offset 14, -4
  83 0002 0446     		mov	r4, r0
  84 0004 1546     		mov	r5, r2
  16:fuzzy_set.c   ****     strcpy(fs->name, name);
  85              		.loc 1 16 0
  86 0006 FFF7FEFF 		bl	strcpy
  87              	.LVL5:
  17:fuzzy_set.c   ****     fs->type = type;
  88              		.loc 1 17 0
  89 000a A572     		strb	r5, [r4, #10]
  18:fuzzy_set.c   ****     fs->params[0] = p1;
  90              		.loc 1 18 0
  91 000c DDE90401 		ldrd	r0, [sp, #16]
  92 0010 FFF7FEFF 		bl	__aeabi_d2f
  93              	.LVL6:
  94 0014 E060     		str	r0, [r4, #12]	@ float
  19:fuzzy_set.c   ****     fs->params[1] = p2;
  95              		.loc 1 19 0
ARM GAS  C:\Users\diego\AppData\Local\Temp\ccgjvv5N.s 			page 3


  96 0016 DDE90601 		ldrd	r0, [sp, #24]
  97 001a FFF7FEFF 		bl	__aeabi_d2f
  98              	.LVL7:
  99 001e 2061     		str	r0, [r4, #16]	@ float
  20:fuzzy_set.c   ****     fs->params[2] = p3;
 100              		.loc 1 20 0
 101 0020 DDE90801 		ldrd	r0, [sp, #32]
 102 0024 FFF7FEFF 		bl	__aeabi_d2f
 103              	.LVL8:
 104 0028 6061     		str	r0, [r4, #20]	@ float
  21:fuzzy_set.c   ****     fs->params[3] = p4;
 105              		.loc 1 21 0
 106 002a DDE90A01 		ldrd	r0, [sp, #40]
 107 002e FFF7FEFF 		bl	__aeabi_d2f
 108              	.LVL9:
 109 0032 A061     		str	r0, [r4, #24]	@ float
 110 0034 38BD     		pop	{r3, r4, r5, pc}
 111              		.cfi_endproc
 112              	.LFE1:
 113              		.size	create_fuzzy_set, .-create_fuzzy_set
 114 0036 00BF     		.section	.text.create_fuzzy_sets,"ax",%progbits
 115              		.align	2
 116              		.global	create_fuzzy_sets
 117              		.thumb
 118              		.thumb_func
 119              		.type	create_fuzzy_sets, %function
 120              	create_fuzzy_sets:
 121              	.LFB2:
  22:fuzzy_set.c   **** }
  23:fuzzy_set.c   **** 
  24:fuzzy_set.c   **** void create_fuzzy_sets(volatile fuzzy_set fs[], unsigned char n_sets, ...) {
 122              		.loc 1 24 0
 123              		.cfi_startproc
 124              		@ args = 4, pretend = 12, frame = 8
 125              		@ frame_needed = 0, uses_anonymous_args = 1
 126              		@ link register save eliminated.
 127              	.LVL10:
 128 0000 0EB4     		push	{r1, r2, r3}
 129              		.cfi_def_cfa_offset 12
 130              		.cfi_offset 1, -12
 131              		.cfi_offset 2, -8
 132              		.cfi_offset 3, -4
 133 0002 83B0     		sub	sp, sp, #12
 134              		.cfi_def_cfa_offset 24
 135 0004 03AB     		add	r3, sp, #12
 136 0006 13F8042B 		ldrb	r2, [r3], #4	@ zero_extendqisi2
  25:fuzzy_set.c   **** 	va_list vl;
  26:fuzzy_set.c   **** 	va_start(vl, n_sets);
 137              		.loc 1 26 0
 138 000a 0193     		str	r3, [sp, #4]
 139              	.LVL11:
 140              	.LBB3:
  27:fuzzy_set.c   **** 
  28:fuzzy_set.c   **** 	for (int s = 0; s < n_sets; s++) {
 141              		.loc 1 28 0
 142 000c 12B1     		cbz	r2, .L7
  29:fuzzy_set.c   **** 		//volatile char *name = va_arg(vl, char *);
ARM GAS  C:\Users\diego\AppData\Local\Temp\ccgjvv5N.s 			page 4


  30:fuzzy_set.c   ****         //int len = strlen(name);
  31:fuzzy_set.c   **** 		//strcpy_s(fs[s].name, strlen(name) + 1, name);
  32:fuzzy_set.c   ****         //strcpy(fs[s].name, name);
  33:fuzzy_set.c   ****         va_arg(vl, char *);
 143              		.loc 1 33 0
 144 000e 0433     		adds	r3, r3, #4
 145 0010 0193     		str	r3, [sp, #4]
  34:fuzzy_set.c   ****         
  35:fuzzy_set.c   ****         fs[s].type = va_arg(vl, enum MF_TYPE);
 146              		.loc 1 35 0
 147 0012 FFDE     		.inst	0xdeff
 148              	.L7:
 149              	.LBE3:
  36:fuzzy_set.c   **** 		fs[s].params[0] = va_arg(vl, double);
  37:fuzzy_set.c   **** 		fs[s].params[1] = va_arg(vl, double);
  38:fuzzy_set.c   ****         
  39:fuzzy_set.c   ****         for (int i = 0; i < 3; i++)
  40:fuzzy_set.c   ****             fs[s].name[i] = 'o';
  41:fuzzy_set.c   **** 
  42:fuzzy_set.c   **** 		if (fs[s].type == TRIANGULAR) {
  43:fuzzy_set.c   **** 			fs[s].params[2] = va_arg(vl, double);
  44:fuzzy_set.c   **** 		}
  45:fuzzy_set.c   **** 		else if (fs[s].type == TRAPEZOIDAL) {
  46:fuzzy_set.c   **** 			fs[s].params[2] = va_arg(vl, double);
  47:fuzzy_set.c   **** 			fs[s].params[3] = va_arg(vl, double);
  48:fuzzy_set.c   **** 		}
  49:fuzzy_set.c   **** 	}
  50:fuzzy_set.c   **** 
  51:fuzzy_set.c   **** 	va_end(vl);
  52:fuzzy_set.c   **** }
 150              		.loc 1 52 0
 151 0014 03B0     		add	sp, sp, #12
 152              		.cfi_def_cfa_offset 12
 153              		@ sp needed
 154 0016 03B0     		add	sp, sp, #12
 155              		.cfi_restore 3
 156              		.cfi_restore 2
 157              		.cfi_restore 1
 158              		.cfi_def_cfa_offset 0
 159 0018 7047     		bx	lr
 160              		.cfi_endproc
 161              	.LFE2:
 162              		.size	create_fuzzy_sets, .-create_fuzzy_sets
 163 001a 00BF     		.text
 164              	.Letext0:
 165              		.file 2 "c:\\program files (x86)\\cypress\\psoc creator\\4.3\\psoc creator\\import\\gnu\\arm\\5.4.
 166              		.file 3 "fuzzy_set.h"
 167              		.file 4 "<built-in>"
 168              		.file 5 "defines.h"
 169              		.file 6 "c:\\program files (x86)\\cypress\\psoc creator\\4.3\\psoc creator\\import\\gnu\\arm\\5.4.
 170              		.section	.debug_info,"",%progbits
 171              	.Ldebug_info0:
 172 0000 8F020000 		.4byte	0x28f
 173 0004 0400     		.2byte	0x4
 174 0006 00000000 		.4byte	.Ldebug_abbrev0
 175 000a 04       		.byte	0x4
 176 000b 01       		.uleb128 0x1
ARM GAS  C:\Users\diego\AppData\Local\Temp\ccgjvv5N.s 			page 5


 177 000c 39000000 		.4byte	.LASF26
 178 0010 0C       		.byte	0xc
 179 0011 11000000 		.4byte	.LASF27
 180 0015 F3000000 		.4byte	.LASF28
 181 0019 00000000 		.4byte	.Ldebug_ranges0+0
 182 001d 00000000 		.4byte	0
 183 0021 00000000 		.4byte	.Ldebug_line0
 184 0025 02       		.uleb128 0x2
 185 0026 2E010000 		.4byte	.LASF0
 186 002a 02       		.byte	0x2
 187 002b 28       		.byte	0x28
 188 002c 30000000 		.4byte	0x30
 189 0030 03       		.uleb128 0x3
 190 0031 76010000 		.4byte	.LASF29
 191 0035 04       		.byte	0x4
 192 0036 04       		.byte	0x4
 193 0037 00       		.byte	0
 194 0038 47000000 		.4byte	0x47
 195 003c 04       		.uleb128 0x4
 196 003d 61010000 		.4byte	.LASF30
 197 0041 47000000 		.4byte	0x47
 198 0045 00       		.byte	0
 199 0046 00       		.byte	0
 200 0047 05       		.uleb128 0x5
 201 0048 04       		.byte	0x4
 202 0049 02       		.uleb128 0x2
 203 004a 23000000 		.4byte	.LASF1
 204 004e 02       		.byte	0x2
 205 004f 62       		.byte	0x62
 206 0050 25000000 		.4byte	0x25
 207 0054 06       		.uleb128 0x6
 208 0055 04       		.byte	0x4
 209 0056 05       		.byte	0x5
 210 0057 696E7400 		.ascii	"int\000"
 211 005b 07       		.uleb128 0x7
 212 005c 04       		.byte	0x4
 213 005d 07       		.byte	0x7
 214 005e 3D010000 		.4byte	.LASF2
 215 0062 07       		.uleb128 0x7
 216 0063 08       		.byte	0x8
 217 0064 05       		.byte	0x5
 218 0065 80010000 		.4byte	.LASF3
 219 0069 07       		.uleb128 0x7
 220 006a 08       		.byte	0x8
 221 006b 04       		.byte	0x4
 222 006c E3010000 		.4byte	.LASF4
 223 0070 07       		.uleb128 0x7
 224 0071 01       		.byte	0x1
 225 0072 06       		.byte	0x6
 226 0073 EF010000 		.4byte	.LASF5
 227 0077 07       		.uleb128 0x7
 228 0078 01       		.byte	0x1
 229 0079 08       		.byte	0x8
 230 007a 2B000000 		.4byte	.LASF6
 231 007e 07       		.uleb128 0x7
 232 007f 02       		.byte	0x2
 233 0080 05       		.byte	0x5
ARM GAS  C:\Users\diego\AppData\Local\Temp\ccgjvv5N.s 			page 6


 234 0081 BA010000 		.4byte	.LASF7
 235 0085 07       		.uleb128 0x7
 236 0086 02       		.byte	0x2
 237 0087 07       		.byte	0x7
 238 0088 D9000000 		.4byte	.LASF8
 239 008c 07       		.uleb128 0x7
 240 008d 04       		.byte	0x4
 241 008e 05       		.byte	0x5
 242 008f D5010000 		.4byte	.LASF9
 243 0093 07       		.uleb128 0x7
 244 0094 04       		.byte	0x4
 245 0095 07       		.byte	0x7
 246 0096 C7000000 		.4byte	.LASF10
 247 009a 07       		.uleb128 0x7
 248 009b 08       		.byte	0x8
 249 009c 07       		.byte	0x7
 250 009d 4A010000 		.4byte	.LASF11
 251 00a1 07       		.uleb128 0x7
 252 00a2 04       		.byte	0x4
 253 00a3 07       		.byte	0x7
 254 00a4 6D010000 		.4byte	.LASF12
 255 00a8 08       		.uleb128 0x8
 256 00a9 04       		.byte	0x4
 257 00aa AE000000 		.4byte	0xae
 258 00ae 07       		.uleb128 0x7
 259 00af 01       		.byte	0x1
 260 00b0 08       		.byte	0x8
 261 00b1 DE010000 		.4byte	.LASF13
 262 00b5 08       		.uleb128 0x8
 263 00b6 04       		.byte	0x4
 264 00b7 BB000000 		.4byte	0xbb
 265 00bb 09       		.uleb128 0x9
 266 00bc AE000000 		.4byte	0xae
 267 00c0 0A       		.uleb128 0xa
 268 00c1 A5010000 		.4byte	.LASF31
 269 00c5 01       		.byte	0x1
 270 00c6 77000000 		.4byte	0x77
 271 00ca 05       		.byte	0x5
 272 00cb 0C       		.byte	0xc
 273 00cc DD000000 		.4byte	0xdd
 274 00d0 0B       		.uleb128 0xb
 275 00d1 FB010000 		.4byte	.LASF14
 276 00d5 00       		.byte	0
 277 00d6 0B       		.uleb128 0xb
 278 00d7 06020000 		.4byte	.LASF15
 279 00db 01       		.byte	0x1
 280 00dc 00       		.byte	0
 281 00dd 0C       		.uleb128 0xc
 282 00de 1C       		.byte	0x1c
 283 00df 03       		.byte	0x3
 284 00e0 06       		.byte	0x6
 285 00e1 0A010000 		.4byte	0x10a
 286 00e5 0D       		.uleb128 0xd
 287 00e6 A0010000 		.4byte	.LASF16
 288 00ea 03       		.byte	0x3
 289 00eb 07       		.byte	0x7
 290 00ec 0A010000 		.4byte	0x10a
ARM GAS  C:\Users\diego\AppData\Local\Temp\ccgjvv5N.s 			page 7


 291 00f0 00       		.byte	0
 292 00f1 0D       		.uleb128 0xd
 293 00f2 B5010000 		.4byte	.LASF17
 294 00f6 03       		.byte	0x3
 295 00f7 08       		.byte	0x8
 296 00f8 C0000000 		.4byte	0xc0
 297 00fc 0A       		.byte	0xa
 298 00fd 0D       		.uleb128 0xd
 299 00fe EC000000 		.4byte	.LASF18
 300 0102 03       		.byte	0x3
 301 0103 09       		.byte	0x9
 302 0104 1A010000 		.4byte	0x11a
 303 0108 0C       		.byte	0xc
 304 0109 00       		.byte	0
 305 010a 0E       		.uleb128 0xe
 306 010b AE000000 		.4byte	0xae
 307 010f 1A010000 		.4byte	0x11a
 308 0113 0F       		.uleb128 0xf
 309 0114 A1000000 		.4byte	0xa1
 310 0118 09       		.byte	0x9
 311 0119 00       		.byte	0
 312 011a 0E       		.uleb128 0xe
 313 011b 2A010000 		.4byte	0x12a
 314 011f 2A010000 		.4byte	0x12a
 315 0123 0F       		.uleb128 0xf
 316 0124 A1000000 		.4byte	0xa1
 317 0128 03       		.byte	0x3
 318 0129 00       		.byte	0
 319 012a 07       		.uleb128 0x7
 320 012b 04       		.byte	0x4
 321 012c 04       		.byte	0x4
 322 012d 1D000000 		.4byte	.LASF19
 323 0131 02       		.uleb128 0x2
 324 0132 CB010000 		.4byte	.LASF20
 325 0136 03       		.byte	0x3
 326 0137 0A       		.byte	0xa
 327 0138 DD000000 		.4byte	0xdd
 328 013c 10       		.uleb128 0x10
 329 013d AD010000 		.4byte	.LASF21
 330 0141 01       		.byte	0x1
 331 0142 06       		.byte	0x6
 332 0143 00000000 		.4byte	.LFB0
 333 0147 16000000 		.4byte	.LFE0-.LFB0
 334 014b 01       		.uleb128 0x1
 335 014c 9C       		.byte	0x9c
 336 014d 90010000 		.4byte	0x190
 337 0151 11       		.uleb128 0x11
 338 0152 64737400 		.ascii	"dst\000"
 339 0156 01       		.byte	0x1
 340 0157 06       		.byte	0x6
 341 0158 A8000000 		.4byte	0xa8
 342 015c 01       		.uleb128 0x1
 343 015d 50       		.byte	0x50
 344 015e 11       		.uleb128 0x11
 345 015f 73726300 		.ascii	"src\000"
 346 0163 01       		.byte	0x1
 347 0164 06       		.byte	0x6
ARM GAS  C:\Users\diego\AppData\Local\Temp\ccgjvv5N.s 			page 8


 348 0165 B5000000 		.4byte	0xb5
 349 0169 01       		.uleb128 0x1
 350 016a 51       		.byte	0x51
 351 016b 11       		.uleb128 0x11
 352 016c 6C656E00 		.ascii	"len\000"
 353 0170 01       		.byte	0x1
 354 0171 06       		.byte	0x6
 355 0172 54000000 		.4byte	0x54
 356 0176 01       		.uleb128 0x1
 357 0177 52       		.byte	0x52
 358 0178 12       		.uleb128 0x12
 359 0179 02000000 		.4byte	.LBB2
 360 017d 10000000 		.4byte	.LBE2-.LBB2
 361 0181 13       		.uleb128 0x13
 362 0182 6900     		.ascii	"i\000"
 363 0184 01       		.byte	0x1
 364 0185 07       		.byte	0x7
 365 0186 54000000 		.4byte	0x54
 366 018a 00000000 		.4byte	.LLST0
 367 018e 00       		.byte	0
 368 018f 00       		.byte	0
 369 0190 14       		.uleb128 0x14
 370 0191 00000000 		.4byte	.LASF22
 371 0195 01       		.byte	0x1
 372 0196 0A       		.byte	0xa
 373 0197 00000000 		.4byte	.LFB1
 374 019b 36000000 		.4byte	.LFE1-.LFB1
 375 019f 01       		.uleb128 0x1
 376 01a0 9C       		.byte	0x9c
 377 01a1 1D020000 		.4byte	0x21d
 378 01a5 15       		.uleb128 0x15
 379 01a6 667300   		.ascii	"fs\000"
 380 01a9 01       		.byte	0x1
 381 01aa 0B       		.byte	0xb
 382 01ab 1D020000 		.4byte	0x21d
 383 01af 1F000000 		.4byte	.LLST1
 384 01b3 16       		.uleb128 0x16
 385 01b4 A0010000 		.4byte	.LASF16
 386 01b8 01       		.byte	0x1
 387 01b9 0C       		.byte	0xc
 388 01ba B5000000 		.4byte	0xb5
 389 01be 3D000000 		.4byte	.LLST2
 390 01c2 16       		.uleb128 0x16
 391 01c3 B5010000 		.4byte	.LASF17
 392 01c7 01       		.byte	0x1
 393 01c8 0D       		.byte	0xd
 394 01c9 C0000000 		.4byte	0xc0
 395 01cd 5E000000 		.4byte	.LLST3
 396 01d1 11       		.uleb128 0x11
 397 01d2 703100   		.ascii	"p1\000"
 398 01d5 01       		.byte	0x1
 399 01d6 0E       		.byte	0xe
 400 01d7 23020000 		.4byte	0x223
 401 01db 02       		.uleb128 0x2
 402 01dc 91       		.byte	0x91
 403 01dd 00       		.sleb128 0
 404 01de 11       		.uleb128 0x11
ARM GAS  C:\Users\diego\AppData\Local\Temp\ccgjvv5N.s 			page 9


 405 01df 703200   		.ascii	"p2\000"
 406 01e2 01       		.byte	0x1
 407 01e3 0E       		.byte	0xe
 408 01e4 23020000 		.4byte	0x223
 409 01e8 02       		.uleb128 0x2
 410 01e9 91       		.byte	0x91
 411 01ea 08       		.sleb128 8
 412 01eb 11       		.uleb128 0x11
 413 01ec 703300   		.ascii	"p3\000"
 414 01ef 01       		.byte	0x1
 415 01f0 0E       		.byte	0xe
 416 01f1 23020000 		.4byte	0x223
 417 01f5 02       		.uleb128 0x2
 418 01f6 91       		.byte	0x91
 419 01f7 10       		.sleb128 16
 420 01f8 11       		.uleb128 0x11
 421 01f9 703400   		.ascii	"p4\000"
 422 01fc 01       		.byte	0x1
 423 01fd 0E       		.byte	0xe
 424 01fe 23020000 		.4byte	0x223
 425 0202 02       		.uleb128 0x2
 426 0203 91       		.byte	0x91
 427 0204 18       		.sleb128 24
 428 0205 17       		.uleb128 0x17
 429 0206 0A000000 		.4byte	.LVL5
 430 020a 87020000 		.4byte	0x287
 431 020e 18       		.uleb128 0x18
 432 020f 01       		.uleb128 0x1
 433 0210 50       		.byte	0x50
 434 0211 02       		.uleb128 0x2
 435 0212 74       		.byte	0x74
 436 0213 00       		.sleb128 0
 437 0214 18       		.uleb128 0x18
 438 0215 01       		.uleb128 0x1
 439 0216 51       		.byte	0x51
 440 0217 03       		.uleb128 0x3
 441 0218 F3       		.byte	0xf3
 442 0219 01       		.uleb128 0x1
 443 021a 51       		.byte	0x51
 444 021b 00       		.byte	0
 445 021c 00       		.byte	0
 446 021d 08       		.uleb128 0x8
 447 021e 04       		.byte	0x4
 448 021f 31010000 		.4byte	0x131
 449 0223 07       		.uleb128 0x7
 450 0224 08       		.byte	0x8
 451 0225 04       		.byte	0x4
 452 0226 27010000 		.4byte	.LASF23
 453 022a 10       		.uleb128 0x10
 454 022b 8E010000 		.4byte	.LASF24
 455 022f 01       		.byte	0x1
 456 0230 18       		.byte	0x18
 457 0231 00000000 		.4byte	.LFB2
 458 0235 1A000000 		.4byte	.LFE2-.LFB2
 459 0239 01       		.uleb128 0x1
 460 023a 9C       		.byte	0x9c
 461 023b 7C020000 		.4byte	0x27c
ARM GAS  C:\Users\diego\AppData\Local\Temp\ccgjvv5N.s 			page 10


 462 023f 11       		.uleb128 0x11
 463 0240 667300   		.ascii	"fs\000"
 464 0243 01       		.byte	0x1
 465 0244 18       		.byte	0x18
 466 0245 7C020000 		.4byte	0x27c
 467 0249 01       		.uleb128 0x1
 468 024a 50       		.byte	0x50
 469 024b 19       		.uleb128 0x19
 470 024c 66010000 		.4byte	.LASF25
 471 0250 01       		.byte	0x1
 472 0251 18       		.byte	0x18
 473 0252 77000000 		.4byte	0x77
 474 0256 02       		.uleb128 0x2
 475 0257 91       		.byte	0x91
 476 0258 74       		.sleb128 -12
 477 0259 1A       		.uleb128 0x1a
 478 025a 1B       		.uleb128 0x1b
 479 025b 766C00   		.ascii	"vl\000"
 480 025e 01       		.byte	0x1
 481 025f 19       		.byte	0x19
 482 0260 49000000 		.4byte	0x49
 483 0264 02       		.uleb128 0x2
 484 0265 91       		.byte	0x91
 485 0266 6C       		.sleb128 -20
 486 0267 12       		.uleb128 0x12
 487 0268 0C000000 		.4byte	.LBB3
 488 026c 08000000 		.4byte	.LBE3-.LBB3
 489 0270 1C       		.uleb128 0x1c
 490 0271 7300     		.ascii	"s\000"
 491 0273 01       		.byte	0x1
 492 0274 1C       		.byte	0x1c
 493 0275 54000000 		.4byte	0x54
 494 0279 00       		.byte	0
 495 027a 00       		.byte	0
 496 027b 00       		.byte	0
 497 027c 08       		.uleb128 0x8
 498 027d 04       		.byte	0x4
 499 027e 82020000 		.4byte	0x282
 500 0282 1D       		.uleb128 0x1d
 501 0283 31010000 		.4byte	0x131
 502 0287 1E       		.uleb128 0x1e
 503 0288 C4010000 		.4byte	.LASF32
 504 028c C4010000 		.4byte	.LASF32
 505 0290 06       		.byte	0x6
 506 0291 1E       		.byte	0x1e
 507 0292 00       		.byte	0
 508              		.section	.debug_abbrev,"",%progbits
 509              	.Ldebug_abbrev0:
 510 0000 01       		.uleb128 0x1
 511 0001 11       		.uleb128 0x11
 512 0002 01       		.byte	0x1
 513 0003 25       		.uleb128 0x25
 514 0004 0E       		.uleb128 0xe
 515 0005 13       		.uleb128 0x13
 516 0006 0B       		.uleb128 0xb
 517 0007 03       		.uleb128 0x3
 518 0008 0E       		.uleb128 0xe
ARM GAS  C:\Users\diego\AppData\Local\Temp\ccgjvv5N.s 			page 11


 519 0009 1B       		.uleb128 0x1b
 520 000a 0E       		.uleb128 0xe
 521 000b 55       		.uleb128 0x55
 522 000c 17       		.uleb128 0x17
 523 000d 11       		.uleb128 0x11
 524 000e 01       		.uleb128 0x1
 525 000f 10       		.uleb128 0x10
 526 0010 17       		.uleb128 0x17
 527 0011 00       		.byte	0
 528 0012 00       		.byte	0
 529 0013 02       		.uleb128 0x2
 530 0014 16       		.uleb128 0x16
 531 0015 00       		.byte	0
 532 0016 03       		.uleb128 0x3
 533 0017 0E       		.uleb128 0xe
 534 0018 3A       		.uleb128 0x3a
 535 0019 0B       		.uleb128 0xb
 536 001a 3B       		.uleb128 0x3b
 537 001b 0B       		.uleb128 0xb
 538 001c 49       		.uleb128 0x49
 539 001d 13       		.uleb128 0x13
 540 001e 00       		.byte	0
 541 001f 00       		.byte	0
 542 0020 03       		.uleb128 0x3
 543 0021 13       		.uleb128 0x13
 544 0022 01       		.byte	0x1
 545 0023 03       		.uleb128 0x3
 546 0024 0E       		.uleb128 0xe
 547 0025 0B       		.uleb128 0xb
 548 0026 0B       		.uleb128 0xb
 549 0027 3A       		.uleb128 0x3a
 550 0028 0B       		.uleb128 0xb
 551 0029 3B       		.uleb128 0x3b
 552 002a 0B       		.uleb128 0xb
 553 002b 01       		.uleb128 0x1
 554 002c 13       		.uleb128 0x13
 555 002d 00       		.byte	0
 556 002e 00       		.byte	0
 557 002f 04       		.uleb128 0x4
 558 0030 0D       		.uleb128 0xd
 559 0031 00       		.byte	0
 560 0032 03       		.uleb128 0x3
 561 0033 0E       		.uleb128 0xe
 562 0034 49       		.uleb128 0x49
 563 0035 13       		.uleb128 0x13
 564 0036 38       		.uleb128 0x38
 565 0037 0B       		.uleb128 0xb
 566 0038 34       		.uleb128 0x34
 567 0039 19       		.uleb128 0x19
 568 003a 00       		.byte	0
 569 003b 00       		.byte	0
 570 003c 05       		.uleb128 0x5
 571 003d 0F       		.uleb128 0xf
 572 003e 00       		.byte	0
 573 003f 0B       		.uleb128 0xb
 574 0040 0B       		.uleb128 0xb
 575 0041 00       		.byte	0
ARM GAS  C:\Users\diego\AppData\Local\Temp\ccgjvv5N.s 			page 12


 576 0042 00       		.byte	0
 577 0043 06       		.uleb128 0x6
 578 0044 24       		.uleb128 0x24
 579 0045 00       		.byte	0
 580 0046 0B       		.uleb128 0xb
 581 0047 0B       		.uleb128 0xb
 582 0048 3E       		.uleb128 0x3e
 583 0049 0B       		.uleb128 0xb
 584 004a 03       		.uleb128 0x3
 585 004b 08       		.uleb128 0x8
 586 004c 00       		.byte	0
 587 004d 00       		.byte	0
 588 004e 07       		.uleb128 0x7
 589 004f 24       		.uleb128 0x24
 590 0050 00       		.byte	0
 591 0051 0B       		.uleb128 0xb
 592 0052 0B       		.uleb128 0xb
 593 0053 3E       		.uleb128 0x3e
 594 0054 0B       		.uleb128 0xb
 595 0055 03       		.uleb128 0x3
 596 0056 0E       		.uleb128 0xe
 597 0057 00       		.byte	0
 598 0058 00       		.byte	0
 599 0059 08       		.uleb128 0x8
 600 005a 0F       		.uleb128 0xf
 601 005b 00       		.byte	0
 602 005c 0B       		.uleb128 0xb
 603 005d 0B       		.uleb128 0xb
 604 005e 49       		.uleb128 0x49
 605 005f 13       		.uleb128 0x13
 606 0060 00       		.byte	0
 607 0061 00       		.byte	0
 608 0062 09       		.uleb128 0x9
 609 0063 26       		.uleb128 0x26
 610 0064 00       		.byte	0
 611 0065 49       		.uleb128 0x49
 612 0066 13       		.uleb128 0x13
 613 0067 00       		.byte	0
 614 0068 00       		.byte	0
 615 0069 0A       		.uleb128 0xa
 616 006a 04       		.uleb128 0x4
 617 006b 01       		.byte	0x1
 618 006c 03       		.uleb128 0x3
 619 006d 0E       		.uleb128 0xe
 620 006e 0B       		.uleb128 0xb
 621 006f 0B       		.uleb128 0xb
 622 0070 49       		.uleb128 0x49
 623 0071 13       		.uleb128 0x13
 624 0072 3A       		.uleb128 0x3a
 625 0073 0B       		.uleb128 0xb
 626 0074 3B       		.uleb128 0x3b
 627 0075 0B       		.uleb128 0xb
 628 0076 01       		.uleb128 0x1
 629 0077 13       		.uleb128 0x13
 630 0078 00       		.byte	0
 631 0079 00       		.byte	0
 632 007a 0B       		.uleb128 0xb
ARM GAS  C:\Users\diego\AppData\Local\Temp\ccgjvv5N.s 			page 13


 633 007b 28       		.uleb128 0x28
 634 007c 00       		.byte	0
 635 007d 03       		.uleb128 0x3
 636 007e 0E       		.uleb128 0xe
 637 007f 1C       		.uleb128 0x1c
 638 0080 0B       		.uleb128 0xb
 639 0081 00       		.byte	0
 640 0082 00       		.byte	0
 641 0083 0C       		.uleb128 0xc
 642 0084 13       		.uleb128 0x13
 643 0085 01       		.byte	0x1
 644 0086 0B       		.uleb128 0xb
 645 0087 0B       		.uleb128 0xb
 646 0088 3A       		.uleb128 0x3a
 647 0089 0B       		.uleb128 0xb
 648 008a 3B       		.uleb128 0x3b
 649 008b 0B       		.uleb128 0xb
 650 008c 01       		.uleb128 0x1
 651 008d 13       		.uleb128 0x13
 652 008e 00       		.byte	0
 653 008f 00       		.byte	0
 654 0090 0D       		.uleb128 0xd
 655 0091 0D       		.uleb128 0xd
 656 0092 00       		.byte	0
 657 0093 03       		.uleb128 0x3
 658 0094 0E       		.uleb128 0xe
 659 0095 3A       		.uleb128 0x3a
 660 0096 0B       		.uleb128 0xb
 661 0097 3B       		.uleb128 0x3b
 662 0098 0B       		.uleb128 0xb
 663 0099 49       		.uleb128 0x49
 664 009a 13       		.uleb128 0x13
 665 009b 38       		.uleb128 0x38
 666 009c 0B       		.uleb128 0xb
 667 009d 00       		.byte	0
 668 009e 00       		.byte	0
 669 009f 0E       		.uleb128 0xe
 670 00a0 01       		.uleb128 0x1
 671 00a1 01       		.byte	0x1
 672 00a2 49       		.uleb128 0x49
 673 00a3 13       		.uleb128 0x13
 674 00a4 01       		.uleb128 0x1
 675 00a5 13       		.uleb128 0x13
 676 00a6 00       		.byte	0
 677 00a7 00       		.byte	0
 678 00a8 0F       		.uleb128 0xf
 679 00a9 21       		.uleb128 0x21
 680 00aa 00       		.byte	0
 681 00ab 49       		.uleb128 0x49
 682 00ac 13       		.uleb128 0x13
 683 00ad 2F       		.uleb128 0x2f
 684 00ae 0B       		.uleb128 0xb
 685 00af 00       		.byte	0
 686 00b0 00       		.byte	0
 687 00b1 10       		.uleb128 0x10
 688 00b2 2E       		.uleb128 0x2e
 689 00b3 01       		.byte	0x1
ARM GAS  C:\Users\diego\AppData\Local\Temp\ccgjvv5N.s 			page 14


 690 00b4 3F       		.uleb128 0x3f
 691 00b5 19       		.uleb128 0x19
 692 00b6 03       		.uleb128 0x3
 693 00b7 0E       		.uleb128 0xe
 694 00b8 3A       		.uleb128 0x3a
 695 00b9 0B       		.uleb128 0xb
 696 00ba 3B       		.uleb128 0x3b
 697 00bb 0B       		.uleb128 0xb
 698 00bc 27       		.uleb128 0x27
 699 00bd 19       		.uleb128 0x19
 700 00be 11       		.uleb128 0x11
 701 00bf 01       		.uleb128 0x1
 702 00c0 12       		.uleb128 0x12
 703 00c1 06       		.uleb128 0x6
 704 00c2 40       		.uleb128 0x40
 705 00c3 18       		.uleb128 0x18
 706 00c4 9742     		.uleb128 0x2117
 707 00c6 19       		.uleb128 0x19
 708 00c7 01       		.uleb128 0x1
 709 00c8 13       		.uleb128 0x13
 710 00c9 00       		.byte	0
 711 00ca 00       		.byte	0
 712 00cb 11       		.uleb128 0x11
 713 00cc 05       		.uleb128 0x5
 714 00cd 00       		.byte	0
 715 00ce 03       		.uleb128 0x3
 716 00cf 08       		.uleb128 0x8
 717 00d0 3A       		.uleb128 0x3a
 718 00d1 0B       		.uleb128 0xb
 719 00d2 3B       		.uleb128 0x3b
 720 00d3 0B       		.uleb128 0xb
 721 00d4 49       		.uleb128 0x49
 722 00d5 13       		.uleb128 0x13
 723 00d6 02       		.uleb128 0x2
 724 00d7 18       		.uleb128 0x18
 725 00d8 00       		.byte	0
 726 00d9 00       		.byte	0
 727 00da 12       		.uleb128 0x12
 728 00db 0B       		.uleb128 0xb
 729 00dc 01       		.byte	0x1
 730 00dd 11       		.uleb128 0x11
 731 00de 01       		.uleb128 0x1
 732 00df 12       		.uleb128 0x12
 733 00e0 06       		.uleb128 0x6
 734 00e1 00       		.byte	0
 735 00e2 00       		.byte	0
 736 00e3 13       		.uleb128 0x13
 737 00e4 34       		.uleb128 0x34
 738 00e5 00       		.byte	0
 739 00e6 03       		.uleb128 0x3
 740 00e7 08       		.uleb128 0x8
 741 00e8 3A       		.uleb128 0x3a
 742 00e9 0B       		.uleb128 0xb
 743 00ea 3B       		.uleb128 0x3b
 744 00eb 0B       		.uleb128 0xb
 745 00ec 49       		.uleb128 0x49
 746 00ed 13       		.uleb128 0x13
ARM GAS  C:\Users\diego\AppData\Local\Temp\ccgjvv5N.s 			page 15


 747 00ee 02       		.uleb128 0x2
 748 00ef 17       		.uleb128 0x17
 749 00f0 00       		.byte	0
 750 00f1 00       		.byte	0
 751 00f2 14       		.uleb128 0x14
 752 00f3 2E       		.uleb128 0x2e
 753 00f4 01       		.byte	0x1
 754 00f5 3F       		.uleb128 0x3f
 755 00f6 19       		.uleb128 0x19
 756 00f7 03       		.uleb128 0x3
 757 00f8 0E       		.uleb128 0xe
 758 00f9 3A       		.uleb128 0x3a
 759 00fa 0B       		.uleb128 0xb
 760 00fb 3B       		.uleb128 0x3b
 761 00fc 0B       		.uleb128 0xb
 762 00fd 27       		.uleb128 0x27
 763 00fe 19       		.uleb128 0x19
 764 00ff 11       		.uleb128 0x11
 765 0100 01       		.uleb128 0x1
 766 0101 12       		.uleb128 0x12
 767 0102 06       		.uleb128 0x6
 768 0103 40       		.uleb128 0x40
 769 0104 18       		.uleb128 0x18
 770 0105 9642     		.uleb128 0x2116
 771 0107 19       		.uleb128 0x19
 772 0108 01       		.uleb128 0x1
 773 0109 13       		.uleb128 0x13
 774 010a 00       		.byte	0
 775 010b 00       		.byte	0
 776 010c 15       		.uleb128 0x15
 777 010d 05       		.uleb128 0x5
 778 010e 00       		.byte	0
 779 010f 03       		.uleb128 0x3
 780 0110 08       		.uleb128 0x8
 781 0111 3A       		.uleb128 0x3a
 782 0112 0B       		.uleb128 0xb
 783 0113 3B       		.uleb128 0x3b
 784 0114 0B       		.uleb128 0xb
 785 0115 49       		.uleb128 0x49
 786 0116 13       		.uleb128 0x13
 787 0117 02       		.uleb128 0x2
 788 0118 17       		.uleb128 0x17
 789 0119 00       		.byte	0
 790 011a 00       		.byte	0
 791 011b 16       		.uleb128 0x16
 792 011c 05       		.uleb128 0x5
 793 011d 00       		.byte	0
 794 011e 03       		.uleb128 0x3
 795 011f 0E       		.uleb128 0xe
 796 0120 3A       		.uleb128 0x3a
 797 0121 0B       		.uleb128 0xb
 798 0122 3B       		.uleb128 0x3b
 799 0123 0B       		.uleb128 0xb
 800 0124 49       		.uleb128 0x49
 801 0125 13       		.uleb128 0x13
 802 0126 02       		.uleb128 0x2
 803 0127 17       		.uleb128 0x17
ARM GAS  C:\Users\diego\AppData\Local\Temp\ccgjvv5N.s 			page 16


 804 0128 00       		.byte	0
 805 0129 00       		.byte	0
 806 012a 17       		.uleb128 0x17
 807 012b 898201   		.uleb128 0x4109
 808 012e 01       		.byte	0x1
 809 012f 11       		.uleb128 0x11
 810 0130 01       		.uleb128 0x1
 811 0131 31       		.uleb128 0x31
 812 0132 13       		.uleb128 0x13
 813 0133 00       		.byte	0
 814 0134 00       		.byte	0
 815 0135 18       		.uleb128 0x18
 816 0136 8A8201   		.uleb128 0x410a
 817 0139 00       		.byte	0
 818 013a 02       		.uleb128 0x2
 819 013b 18       		.uleb128 0x18
 820 013c 9142     		.uleb128 0x2111
 821 013e 18       		.uleb128 0x18
 822 013f 00       		.byte	0
 823 0140 00       		.byte	0
 824 0141 19       		.uleb128 0x19
 825 0142 05       		.uleb128 0x5
 826 0143 00       		.byte	0
 827 0144 03       		.uleb128 0x3
 828 0145 0E       		.uleb128 0xe
 829 0146 3A       		.uleb128 0x3a
 830 0147 0B       		.uleb128 0xb
 831 0148 3B       		.uleb128 0x3b
 832 0149 0B       		.uleb128 0xb
 833 014a 49       		.uleb128 0x49
 834 014b 13       		.uleb128 0x13
 835 014c 02       		.uleb128 0x2
 836 014d 18       		.uleb128 0x18
 837 014e 00       		.byte	0
 838 014f 00       		.byte	0
 839 0150 1A       		.uleb128 0x1a
 840 0151 18       		.uleb128 0x18
 841 0152 00       		.byte	0
 842 0153 00       		.byte	0
 843 0154 00       		.byte	0
 844 0155 1B       		.uleb128 0x1b
 845 0156 34       		.uleb128 0x34
 846 0157 00       		.byte	0
 847 0158 03       		.uleb128 0x3
 848 0159 08       		.uleb128 0x8
 849 015a 3A       		.uleb128 0x3a
 850 015b 0B       		.uleb128 0xb
 851 015c 3B       		.uleb128 0x3b
 852 015d 0B       		.uleb128 0xb
 853 015e 49       		.uleb128 0x49
 854 015f 13       		.uleb128 0x13
 855 0160 02       		.uleb128 0x2
 856 0161 18       		.uleb128 0x18
 857 0162 00       		.byte	0
 858 0163 00       		.byte	0
 859 0164 1C       		.uleb128 0x1c
 860 0165 34       		.uleb128 0x34
ARM GAS  C:\Users\diego\AppData\Local\Temp\ccgjvv5N.s 			page 17


 861 0166 00       		.byte	0
 862 0167 03       		.uleb128 0x3
 863 0168 08       		.uleb128 0x8
 864 0169 3A       		.uleb128 0x3a
 865 016a 0B       		.uleb128 0xb
 866 016b 3B       		.uleb128 0x3b
 867 016c 0B       		.uleb128 0xb
 868 016d 49       		.uleb128 0x49
 869 016e 13       		.uleb128 0x13
 870 016f 1C       		.uleb128 0x1c
 871 0170 0B       		.uleb128 0xb
 872 0171 00       		.byte	0
 873 0172 00       		.byte	0
 874 0173 1D       		.uleb128 0x1d
 875 0174 35       		.uleb128 0x35
 876 0175 00       		.byte	0
 877 0176 49       		.uleb128 0x49
 878 0177 13       		.uleb128 0x13
 879 0178 00       		.byte	0
 880 0179 00       		.byte	0
 881 017a 1E       		.uleb128 0x1e
 882 017b 2E       		.uleb128 0x2e
 883 017c 00       		.byte	0
 884 017d 3F       		.uleb128 0x3f
 885 017e 19       		.uleb128 0x19
 886 017f 3C       		.uleb128 0x3c
 887 0180 19       		.uleb128 0x19
 888 0181 6E       		.uleb128 0x6e
 889 0182 0E       		.uleb128 0xe
 890 0183 03       		.uleb128 0x3
 891 0184 0E       		.uleb128 0xe
 892 0185 3A       		.uleb128 0x3a
 893 0186 0B       		.uleb128 0xb
 894 0187 3B       		.uleb128 0x3b
 895 0188 0B       		.uleb128 0xb
 896 0189 00       		.byte	0
 897 018a 00       		.byte	0
 898 018b 00       		.byte	0
 899              		.section	.debug_loc,"",%progbits
 900              	.Ldebug_loc0:
 901              	.LLST0:
 902 0000 02000000 		.4byte	.LVL1
 903 0004 06000000 		.4byte	.LVL2
 904 0008 0200     		.2byte	0x2
 905 000a 30       		.byte	0x30
 906 000b 9F       		.byte	0x9f
 907 000c 06000000 		.4byte	.LVL2
 908 0010 16000000 		.4byte	.LFE0
 909 0014 0100     		.2byte	0x1
 910 0016 53       		.byte	0x53
 911 0017 00000000 		.4byte	0
 912 001b 00000000 		.4byte	0
 913              	.LLST1:
 914 001f 00000000 		.4byte	.LVL4
 915 0023 09000000 		.4byte	.LVL5-1
 916 0027 0100     		.2byte	0x1
 917 0029 50       		.byte	0x50
ARM GAS  C:\Users\diego\AppData\Local\Temp\ccgjvv5N.s 			page 18


 918 002a 09000000 		.4byte	.LVL5-1
 919 002e 36000000 		.4byte	.LFE1
 920 0032 0100     		.2byte	0x1
 921 0034 54       		.byte	0x54
 922 0035 00000000 		.4byte	0
 923 0039 00000000 		.4byte	0
 924              	.LLST2:
 925 003d 00000000 		.4byte	.LVL4
 926 0041 09000000 		.4byte	.LVL5-1
 927 0045 0100     		.2byte	0x1
 928 0047 51       		.byte	0x51
 929 0048 09000000 		.4byte	.LVL5-1
 930 004c 36000000 		.4byte	.LFE1
 931 0050 0400     		.2byte	0x4
 932 0052 F3       		.byte	0xf3
 933 0053 01       		.uleb128 0x1
 934 0054 51       		.byte	0x51
 935 0055 9F       		.byte	0x9f
 936 0056 00000000 		.4byte	0
 937 005a 00000000 		.4byte	0
 938              	.LLST3:
 939 005e 00000000 		.4byte	.LVL4
 940 0062 09000000 		.4byte	.LVL5-1
 941 0066 0100     		.2byte	0x1
 942 0068 52       		.byte	0x52
 943 0069 09000000 		.4byte	.LVL5-1
 944 006d 36000000 		.4byte	.LFE1
 945 0071 0400     		.2byte	0x4
 946 0073 F3       		.byte	0xf3
 947 0074 01       		.uleb128 0x1
 948 0075 52       		.byte	0x52
 949 0076 9F       		.byte	0x9f
 950 0077 00000000 		.4byte	0
 951 007b 00000000 		.4byte	0
 952              		.section	.debug_aranges,"",%progbits
 953 0000 2C000000 		.4byte	0x2c
 954 0004 0200     		.2byte	0x2
 955 0006 00000000 		.4byte	.Ldebug_info0
 956 000a 04       		.byte	0x4
 957 000b 00       		.byte	0
 958 000c 0000     		.2byte	0
 959 000e 0000     		.2byte	0
 960 0010 00000000 		.4byte	.LFB0
 961 0014 16000000 		.4byte	.LFE0-.LFB0
 962 0018 00000000 		.4byte	.LFB1
 963 001c 36000000 		.4byte	.LFE1-.LFB1
 964 0020 00000000 		.4byte	.LFB2
 965 0024 1A000000 		.4byte	.LFE2-.LFB2
 966 0028 00000000 		.4byte	0
 967 002c 00000000 		.4byte	0
 968              		.section	.debug_ranges,"",%progbits
 969              	.Ldebug_ranges0:
 970 0000 00000000 		.4byte	.LFB0
 971 0004 16000000 		.4byte	.LFE0
 972 0008 00000000 		.4byte	.LFB1
 973 000c 36000000 		.4byte	.LFE1
 974 0010 00000000 		.4byte	.LFB2
ARM GAS  C:\Users\diego\AppData\Local\Temp\ccgjvv5N.s 			page 19


 975 0014 1A000000 		.4byte	.LFE2
 976 0018 00000000 		.4byte	0
 977 001c 00000000 		.4byte	0
 978              		.section	.debug_line,"",%progbits
 979              	.Ldebug_line0:
 980 0000 8E010000 		.section	.debug_str,"MS",%progbits,1
 980      02004201 
 980      00000201 
 980      FB0E0D00 
 980      01010101 
 981              	.LASF22:
 982 0000 63726561 		.ascii	"create_fuzzy_set\000"
 982      74655F66 
 982      757A7A79 
 982      5F736574 
 982      00
 983              	.LASF27:
 984 0011 66757A7A 		.ascii	"fuzzy_set.c\000"
 984      795F7365 
 984      742E6300 
 985              	.LASF19:
 986 001d 666C6F61 		.ascii	"float\000"
 986      7400
 987              	.LASF1:
 988 0023 76615F6C 		.ascii	"va_list\000"
 988      69737400 
 989              	.LASF6:
 990 002b 756E7369 		.ascii	"unsigned char\000"
 990      676E6564 
 990      20636861 
 990      7200
 991              	.LASF26:
 992 0039 474E5520 		.ascii	"GNU C11 5.4.1 20160609 (release) [ARM/embedded-5-br"
 992      43313120 
 992      352E342E 
 992      31203230 
 992      31363036 
 993 006c 616E6368 		.ascii	"anch revision 237715] -mcpu=cortex-m3 -mthumb -g -O"
 993      20726576 
 993      6973696F 
 993      6E203233 
 993      37373135 
 994 009f 67202D66 		.ascii	"g -ffunction-sections -ffat-lto-objects\000"
 994      66756E63 
 994      74696F6E 
 994      2D736563 
 994      74696F6E 
 995              	.LASF10:
 996 00c7 6C6F6E67 		.ascii	"long unsigned int\000"
 996      20756E73 
 996      69676E65 
 996      6420696E 
 996      7400
 997              	.LASF8:
 998 00d9 73686F72 		.ascii	"short unsigned int\000"
 998      7420756E 
 998      7369676E 
ARM GAS  C:\Users\diego\AppData\Local\Temp\ccgjvv5N.s 			page 20


 998      65642069 
 998      6E7400
 999              	.LASF18:
 1000 00ec 70617261 		.ascii	"params\000"
 1000      6D7300
 1001              	.LASF28:
 1002 00f3 433A5C55 		.ascii	"C:\\Users\\diego\\source\\repos\\teste_controlador."
 1002      73657273 
 1002      5C646965 
 1002      676F5C73 
 1002      6F757263 
 1003 0121 63796473 		.ascii	"cydsn\000"
 1003      6E00
 1004              	.LASF23:
 1005 0127 646F7562 		.ascii	"double\000"
 1005      6C6500
 1006              	.LASF0:
 1007 012e 5F5F676E 		.ascii	"__gnuc_va_list\000"
 1007      75635F76 
 1007      615F6C69 
 1007      737400
 1008              	.LASF2:
 1009 013d 756E7369 		.ascii	"unsigned int\000"
 1009      676E6564 
 1009      20696E74 
 1009      00
 1010              	.LASF11:
 1011 014a 6C6F6E67 		.ascii	"long long unsigned int\000"
 1011      206C6F6E 
 1011      6720756E 
 1011      7369676E 
 1011      65642069 
 1012              	.LASF30:
 1013 0161 5F5F6170 		.ascii	"__ap\000"
 1013      00
 1014              	.LASF25:
 1015 0166 6E5F7365 		.ascii	"n_sets\000"
 1015      747300
 1016              	.LASF12:
 1017 016d 73697A65 		.ascii	"sizetype\000"
 1017      74797065 
 1017      00
 1018              	.LASF29:
 1019 0176 5F5F7661 		.ascii	"__va_list\000"
 1019      5F6C6973 
 1019      7400
 1020              	.LASF3:
 1021 0180 6C6F6E67 		.ascii	"long long int\000"
 1021      206C6F6E 
 1021      6720696E 
 1021      7400
 1022              	.LASF24:
 1023 018e 63726561 		.ascii	"create_fuzzy_sets\000"
 1023      74655F66 
 1023      757A7A79 
 1023      5F736574 
 1023      7300
ARM GAS  C:\Users\diego\AppData\Local\Temp\ccgjvv5N.s 			page 21


 1024              	.LASF16:
 1025 01a0 6E616D65 		.ascii	"name\000"
 1025      00
 1026              	.LASF31:
 1027 01a5 4D465F54 		.ascii	"MF_TYPE\000"
 1027      59504500 
 1028              	.LASF21:
 1029 01ad 5F737472 		.ascii	"_strcpy\000"
 1029      63707900 
 1030              	.LASF17:
 1031 01b5 74797065 		.ascii	"type\000"
 1031      00
 1032              	.LASF7:
 1033 01ba 73686F72 		.ascii	"short int\000"
 1033      7420696E 
 1033      7400
 1034              	.LASF32:
 1035 01c4 73747263 		.ascii	"strcpy\000"
 1035      707900
 1036              	.LASF20:
 1037 01cb 66757A7A 		.ascii	"fuzzy_set\000"
 1037      795F7365 
 1037      7400
 1038              	.LASF9:
 1039 01d5 6C6F6E67 		.ascii	"long int\000"
 1039      20696E74 
 1039      00
 1040              	.LASF13:
 1041 01de 63686172 		.ascii	"char\000"
 1041      00
 1042              	.LASF4:
 1043 01e3 6C6F6E67 		.ascii	"long double\000"
 1043      20646F75 
 1043      626C6500 
 1044              	.LASF5:
 1045 01ef 7369676E 		.ascii	"signed char\000"
 1045      65642063 
 1045      68617200 
 1046              	.LASF14:
 1047 01fb 54524941 		.ascii	"TRIANGULAR\000"
 1047      4E47554C 
 1047      415200
 1048              	.LASF15:
 1049 0206 54524150 		.ascii	"TRAPEZOIDAL\000"
 1049      455A4F49 
 1049      44414C00 
 1050              		.ident	"GCC: (GNU Tools for ARM Embedded Processors) 5.4.1 20160609 (release) [ARM/embedded-5-bran
